ERROR - 2025-01-19 01:23:39 --> Unknown column 'deskripsi' in 'field list'
CRITICAL - 2025-01-19 01:23:39 --> Unknown column 'deskripsi' in 'field list'
#0 G:\XAMPP\htdocs\majujayauas\system\Database\MySQLi\Connection.php(292): mysqli->query('INSERT INTO `me...', 0)
#1 G:\XAMPP\htdocs\majujayauas\system\Database\BaseConnection.php(670): CodeIgniter\Database\MySQLi\Connection->execute('INSERT INTO `me...')
#2 G:\XAMPP\htdocs\majujayauas\system\Database\BaseConnection.php(598): CodeIgniter\Database\BaseConnection->simpleQuery('INSERT INTO `me...')
#3 G:\XAMPP\htdocs\majujayauas\system\Database\BaseBuilder.php(1759): CodeIgniter\Database\BaseConnection->query('INSERT INTO `me...', Array, false)
#4 G:\XAMPP\htdocs\majujayauas\system\Model.php(239): CodeIgniter\Database\BaseBuilder->insert()
#5 G:\XAMPP\htdocs\majujayauas\system\BaseModel.php(738): CodeIgniter\Model->doInsert(Array)
#6 G:\XAMPP\htdocs\majujayauas\system\Model.php(620): CodeIgniter\BaseModel->insert(Array, false)
#7 G:\XAMPP\htdocs\majujayauas\system\BaseModel.php(658): CodeIgniter\Model->insert(Array, false)
#8 G:\XAMPP\htdocs\majujayauas\app\Controllers\Menu.php(37): CodeIgniter\BaseModel->save(Array)
#9 G:\XAMPP\htdocs\majujayauas\system\CodeIgniter.php(824): App\Controllers\Menu->tambah()
#10 G:\XAMPP\htdocs\majujayauas\system\CodeIgniter.php(410): CodeIgniter\CodeIgniter->runController(Object(App\Controllers\Menu))
#11 G:\XAMPP\htdocs\majujayauas\system\CodeIgniter.php(318): CodeIgniter\CodeIgniter->handleRequest(NULL, Object(Config\Cache), false)
#12 G:\XAMPP\htdocs\majujayauas\index.php(37): CodeIgniter\CodeIgniter->run()
#13 {main}
ERROR - 2025-01-19 01:23:42 --> Unknown column 'deskripsi' in 'field list'
CRITICAL - 2025-01-19 01:23:42 --> Unknown column 'deskripsi' in 'field list'
#0 G:\XAMPP\htdocs\majujayauas\system\Database\MySQLi\Connection.php(292): mysqli->query('INSERT INTO `me...', 0)
#1 G:\XAMPP\htdocs\majujayauas\system\Database\BaseConnection.php(670): CodeIgniter\Database\MySQLi\Connection->execute('INSERT INTO `me...')
#2 G:\XAMPP\htdocs\majujayauas\system\Database\BaseConnection.php(598): CodeIgniter\Database\BaseConnection->simpleQuery('INSERT INTO `me...')
#3 G:\XAMPP\htdocs\majujayauas\system\Database\BaseBuilder.php(1759): CodeIgniter\Database\BaseConnection->query('INSERT INTO `me...', Array, false)
#4 G:\XAMPP\htdocs\majujayauas\system\Model.php(239): CodeIgniter\Database\BaseBuilder->insert()
#5 G:\XAMPP\htdocs\majujayauas\system\BaseModel.php(738): CodeIgniter\Model->doInsert(Array)
#6 G:\XAMPP\htdocs\majujayauas\system\Model.php(620): CodeIgniter\BaseModel->insert(Array, false)
#7 G:\XAMPP\htdocs\majujayauas\system\BaseModel.php(658): CodeIgniter\Model->insert(Array, false)
#8 G:\XAMPP\htdocs\majujayauas\app\Controllers\Menu.php(37): CodeIgniter\BaseModel->save(Array)
#9 G:\XAMPP\htdocs\majujayauas\system\CodeIgniter.php(824): App\Controllers\Menu->tambah()
#10 G:\XAMPP\htdocs\majujayauas\system\CodeIgniter.php(410): CodeIgniter\CodeIgniter->runController(Object(App\Controllers\Menu))
#11 G:\XAMPP\htdocs\majujayauas\system\CodeIgniter.php(318): CodeIgniter\CodeIgniter->handleRequest(NULL, Object(Config\Cache), false)
#12 G:\XAMPP\htdocs\majujayauas\index.php(37): CodeIgniter\CodeIgniter->run()
#13 {main}
ERROR - 2025-01-19 01:23:43 --> Unknown column 'deskripsi' in 'field list'
CRITICAL - 2025-01-19 01:23:43 --> Unknown column 'deskripsi' in 'field list'
#0 G:\XAMPP\htdocs\majujayauas\system\Database\MySQLi\Connection.php(292): mysqli->query('INSERT INTO `me...', 0)
#1 G:\XAMPP\htdocs\majujayauas\system\Database\BaseConnection.php(670): CodeIgniter\Database\MySQLi\Connection->execute('INSERT INTO `me...')
#2 G:\XAMPP\htdocs\majujayauas\system\Database\BaseConnection.php(598): CodeIgniter\Database\BaseConnection->simpleQuery('INSERT INTO `me...')
#3 G:\XAMPP\htdocs\majujayauas\system\Database\BaseBuilder.php(1759): CodeIgniter\Database\BaseConnection->query('INSERT INTO `me...', Array, false)
#4 G:\XAMPP\htdocs\majujayauas\system\Model.php(239): CodeIgniter\Database\BaseBuilder->insert()
#5 G:\XAMPP\htdocs\majujayauas\system\BaseModel.php(738): CodeIgniter\Model->doInsert(Array)
#6 G:\XAMPP\htdocs\majujayauas\system\Model.php(620): CodeIgniter\BaseModel->insert(Array, false)
#7 G:\XAMPP\htdocs\majujayauas\system\BaseModel.php(658): CodeIgniter\Model->insert(Array, false)
#8 G:\XAMPP\htdocs\majujayauas\app\Controllers\Menu.php(37): CodeIgniter\BaseModel->save(Array)
#9 G:\XAMPP\htdocs\majujayauas\system\CodeIgniter.php(824): App\Controllers\Menu->tambah()
#10 G:\XAMPP\htdocs\majujayauas\system\CodeIgniter.php(410): CodeIgniter\CodeIgniter->runController(Object(App\Controllers\Menu))
#11 G:\XAMPP\htdocs\majujayauas\system\CodeIgniter.php(318): CodeIgniter\CodeIgniter->handleRequest(NULL, Object(Config\Cache), false)
#12 G:\XAMPP\htdocs\majujayauas\index.php(37): CodeIgniter\CodeIgniter->run()
#13 {main}
ERROR - 2025-01-19 01:23:43 --> Unknown column 'deskripsi' in 'field list'
CRITICAL - 2025-01-19 01:23:43 --> Unknown column 'deskripsi' in 'field list'
#0 G:\XAMPP\htdocs\majujayauas\system\Database\MySQLi\Connection.php(292): mysqli->query('INSERT INTO `me...', 0)
#1 G:\XAMPP\htdocs\majujayauas\system\Database\BaseConnection.php(670): CodeIgniter\Database\MySQLi\Connection->execute('INSERT INTO `me...')
#2 G:\XAMPP\htdocs\majujayauas\system\Database\BaseConnection.php(598): CodeIgniter\Database\BaseConnection->simpleQuery('INSERT INTO `me...')
#3 G:\XAMPP\htdocs\majujayauas\system\Database\BaseBuilder.php(1759): CodeIgniter\Database\BaseConnection->query('INSERT INTO `me...', Array, false)
#4 G:\XAMPP\htdocs\majujayauas\system\Model.php(239): CodeIgniter\Database\BaseBuilder->insert()
#5 G:\XAMPP\htdocs\majujayauas\system\BaseModel.php(738): CodeIgniter\Model->doInsert(Array)
#6 G:\XAMPP\htdocs\majujayauas\system\Model.php(620): CodeIgniter\BaseModel->insert(Array, false)
#7 G:\XAMPP\htdocs\majujayauas\system\BaseModel.php(658): CodeIgniter\Model->insert(Array, false)
#8 G:\XAMPP\htdocs\majujayauas\app\Controllers\Menu.php(37): CodeIgniter\BaseModel->save(Array)
#9 G:\XAMPP\htdocs\majujayauas\system\CodeIgniter.php(824): App\Controllers\Menu->tambah()
#10 G:\XAMPP\htdocs\majujayauas\system\CodeIgniter.php(410): CodeIgniter\CodeIgniter->runController(Object(App\Controllers\Menu))
#11 G:\XAMPP\htdocs\majujayauas\system\CodeIgniter.php(318): CodeIgniter\CodeIgniter->handleRequest(NULL, Object(Config\Cache), false)
#12 G:\XAMPP\htdocs\majujayauas\index.php(37): CodeIgniter\CodeIgniter->run()
#13 {main}
ERROR - 2025-01-19 01:23:46 --> Unknown column 'deskripsi' in 'field list'
CRITICAL - 2025-01-19 01:23:46 --> Unknown column 'deskripsi' in 'field list'
#0 G:\XAMPP\htdocs\majujayauas\system\Database\MySQLi\Connection.php(292): mysqli->query('INSERT INTO `me...', 0)
#1 G:\XAMPP\htdocs\majujayauas\system\Database\BaseConnection.php(670): CodeIgniter\Database\MySQLi\Connection->execute('INSERT INTO `me...')
#2 G:\XAMPP\htdocs\majujayauas\system\Database\BaseConnection.php(598): CodeIgniter\Database\BaseConnection->simpleQuery('INSERT INTO `me...')
#3 G:\XAMPP\htdocs\majujayauas\system\Database\BaseBuilder.php(1759): CodeIgniter\Database\BaseConnection->query('INSERT INTO `me...', Array, false)
#4 G:\XAMPP\htdocs\majujayauas\system\Model.php(239): CodeIgniter\Database\BaseBuilder->insert()
#5 G:\XAMPP\htdocs\majujayauas\system\BaseModel.php(738): CodeIgniter\Model->doInsert(Array)
#6 G:\XAMPP\htdocs\majujayauas\system\Model.php(620): CodeIgniter\BaseModel->insert(Array, false)
#7 G:\XAMPP\htdocs\majujayauas\system\BaseModel.php(658): CodeIgniter\Model->insert(Array, false)
#8 G:\XAMPP\htdocs\majujayauas\app\Controllers\Menu.php(37): CodeIgniter\BaseModel->save(Array)
#9 G:\XAMPP\htdocs\majujayauas\system\CodeIgniter.php(824): App\Controllers\Menu->tambah()
#10 G:\XAMPP\htdocs\majujayauas\system\CodeIgniter.php(410): CodeIgniter\CodeIgniter->runController(Object(App\Controllers\Menu))
#11 G:\XAMPP\htdocs\majujayauas\system\CodeIgniter.php(318): CodeIgniter\CodeIgniter->handleRequest(NULL, Object(Config\Cache), false)
#12 G:\XAMPP\htdocs\majujayauas\index.php(37): CodeIgniter\CodeIgniter->run()
#13 {main}
ERROR - 2025-01-19 01:23:47 --> Unknown column 'deskripsi' in 'field list'
CRITICAL - 2025-01-19 01:23:47 --> Unknown column 'deskripsi' in 'field list'
#0 G:\XAMPP\htdocs\majujayauas\system\Database\MySQLi\Connection.php(292): mysqli->query('INSERT INTO `me...', 0)
#1 G:\XAMPP\htdocs\majujayauas\system\Database\BaseConnection.php(670): CodeIgniter\Database\MySQLi\Connection->execute('INSERT INTO `me...')
#2 G:\XAMPP\htdocs\majujayauas\system\Database\BaseConnection.php(598): CodeIgniter\Database\BaseConnection->simpleQuery('INSERT INTO `me...')
#3 G:\XAMPP\htdocs\majujayauas\system\Database\BaseBuilder.php(1759): CodeIgniter\Database\BaseConnection->query('INSERT INTO `me...', Array, false)
#4 G:\XAMPP\htdocs\majujayauas\system\Model.php(239): CodeIgniter\Database\BaseBuilder->insert()
#5 G:\XAMPP\htdocs\majujayauas\system\BaseModel.php(738): CodeIgniter\Model->doInsert(Array)
#6 G:\XAMPP\htdocs\majujayauas\system\Model.php(620): CodeIgniter\BaseModel->insert(Array, false)
#7 G:\XAMPP\htdocs\majujayauas\system\BaseModel.php(658): CodeIgniter\Model->insert(Array, false)
#8 G:\XAMPP\htdocs\majujayauas\app\Controllers\Menu.php(37): CodeIgniter\BaseModel->save(Array)
#9 G:\XAMPP\htdocs\majujayauas\system\CodeIgniter.php(824): App\Controllers\Menu->tambah()
#10 G:\XAMPP\htdocs\majujayauas\system\CodeIgniter.php(410): CodeIgniter\CodeIgniter->runController(Object(App\Controllers\Menu))
#11 G:\XAMPP\htdocs\majujayauas\system\CodeIgniter.php(318): CodeIgniter\CodeIgniter->handleRequest(NULL, Object(Config\Cache), false)
#12 G:\XAMPP\htdocs\majujayauas\index.php(37): CodeIgniter\CodeIgniter->run()
#13 {main}
ERROR - 2025-01-19 01:23:48 --> Unknown column 'deskripsi' in 'field list'
CRITICAL - 2025-01-19 01:23:48 --> Unknown column 'deskripsi' in 'field list'
#0 G:\XAMPP\htdocs\majujayauas\system\Database\MySQLi\Connection.php(292): mysqli->query('INSERT INTO `me...', 0)
#1 G:\XAMPP\htdocs\majujayauas\system\Database\BaseConnection.php(670): CodeIgniter\Database\MySQLi\Connection->execute('INSERT INTO `me...')
#2 G:\XAMPP\htdocs\majujayauas\system\Database\BaseConnection.php(598): CodeIgniter\Database\BaseConnection->simpleQuery('INSERT INTO `me...')
#3 G:\XAMPP\htdocs\majujayauas\system\Database\BaseBuilder.php(1759): CodeIgniter\Database\BaseConnection->query('INSERT INTO `me...', Array, false)
#4 G:\XAMPP\htdocs\majujayauas\system\Model.php(239): CodeIgniter\Database\BaseBuilder->insert()
#5 G:\XAMPP\htdocs\majujayauas\system\BaseModel.php(738): CodeIgniter\Model->doInsert(Array)
#6 G:\XAMPP\htdocs\majujayauas\system\Model.php(620): CodeIgniter\BaseModel->insert(Array, false)
#7 G:\XAMPP\htdocs\majujayauas\system\BaseModel.php(658): CodeIgniter\Model->insert(Array, false)
#8 G:\XAMPP\htdocs\majujayauas\app\Controllers\Menu.php(37): CodeIgniter\BaseModel->save(Array)
#9 G:\XAMPP\htdocs\majujayauas\system\CodeIgniter.php(824): App\Controllers\Menu->tambah()
#10 G:\XAMPP\htdocs\majujayauas\system\CodeIgniter.php(410): CodeIgniter\CodeIgniter->runController(Object(App\Controllers\Menu))
#11 G:\XAMPP\htdocs\majujayauas\system\CodeIgniter.php(318): CodeIgniter\CodeIgniter->handleRequest(NULL, Object(Config\Cache), false)
#12 G:\XAMPP\htdocs\majujayauas\index.php(37): CodeIgniter\CodeIgniter->run()
#13 {main}
ERROR - 2025-01-19 01:24:22 --> Unknown column 'deskripsi' in 'field list'
CRITICAL - 2025-01-19 01:24:22 --> Unknown column 'deskripsi' in 'field list'
#0 G:\XAMPP\htdocs\majujayauas\system\Database\MySQLi\Connection.php(292): mysqli->query('INSERT INTO `me...', 0)
#1 G:\XAMPP\htdocs\majujayauas\system\Database\BaseConnection.php(670): CodeIgniter\Database\MySQLi\Connection->execute('INSERT INTO `me...')
#2 G:\XAMPP\htdocs\majujayauas\system\Database\BaseConnection.php(598): CodeIgniter\Database\BaseConnection->simpleQuery('INSERT INTO `me...')
#3 G:\XAMPP\htdocs\majujayauas\system\Database\BaseBuilder.php(1759): CodeIgniter\Database\BaseConnection->query('INSERT INTO `me...', Array, false)
#4 G:\XAMPP\htdocs\majujayauas\system\Model.php(239): CodeIgniter\Database\BaseBuilder->insert()
#5 G:\XAMPP\htdocs\majujayauas\system\BaseModel.php(738): CodeIgniter\Model->doInsert(Array)
#6 G:\XAMPP\htdocs\majujayauas\system\Model.php(620): CodeIgniter\BaseModel->insert(Array, false)
#7 G:\XAMPP\htdocs\majujayauas\system\BaseModel.php(658): CodeIgniter\Model->insert(Array, false)
#8 G:\XAMPP\htdocs\majujayauas\app\Controllers\Menu.php(37): CodeIgniter\BaseModel->save(Array)
#9 G:\XAMPP\htdocs\majujayauas\system\CodeIgniter.php(824): App\Controllers\Menu->tambah()
#10 G:\XAMPP\htdocs\majujayauas\system\CodeIgniter.php(410): CodeIgniter\CodeIgniter->runController(Object(App\Controllers\Menu))
#11 G:\XAMPP\htdocs\majujayauas\system\CodeIgniter.php(318): CodeIgniter\CodeIgniter->handleRequest(NULL, Object(Config\Cache), false)
#12 G:\XAMPP\htdocs\majujayauas\index.php(37): CodeIgniter\CodeIgniter->run()
#13 {main}
ERROR - 2025-01-19 01:24:23 --> Unknown column 'deskripsi' in 'field list'
CRITICAL - 2025-01-19 01:24:23 --> Unknown column 'deskripsi' in 'field list'
#0 G:\XAMPP\htdocs\majujayauas\system\Database\MySQLi\Connection.php(292): mysqli->query('INSERT INTO `me...', 0)
#1 G:\XAMPP\htdocs\majujayauas\system\Database\BaseConnection.php(670): CodeIgniter\Database\MySQLi\Connection->execute('INSERT INTO `me...')
#2 G:\XAMPP\htdocs\majujayauas\system\Database\BaseConnection.php(598): CodeIgniter\Database\BaseConnection->simpleQuery('INSERT INTO `me...')
#3 G:\XAMPP\htdocs\majujayauas\system\Database\BaseBuilder.php(1759): CodeIgniter\Database\BaseConnection->query('INSERT INTO `me...', Array, false)
#4 G:\XAMPP\htdocs\majujayauas\system\Model.php(239): CodeIgniter\Database\BaseBuilder->insert()
#5 G:\XAMPP\htdocs\majujayauas\system\BaseModel.php(738): CodeIgniter\Model->doInsert(Array)
#6 G:\XAMPP\htdocs\majujayauas\system\Model.php(620): CodeIgniter\BaseModel->insert(Array, false)
#7 G:\XAMPP\htdocs\majujayauas\system\BaseModel.php(658): CodeIgniter\Model->insert(Array, false)
#8 G:\XAMPP\htdocs\majujayauas\app\Controllers\Menu.php(37): CodeIgniter\BaseModel->save(Array)
#9 G:\XAMPP\htdocs\majujayauas\system\CodeIgniter.php(824): App\Controllers\Menu->tambah()
#10 G:\XAMPP\htdocs\majujayauas\system\CodeIgniter.php(410): CodeIgniter\CodeIgniter->runController(Object(App\Controllers\Menu))
#11 G:\XAMPP\htdocs\majujayauas\system\CodeIgniter.php(318): CodeIgniter\CodeIgniter->handleRequest(NULL, Object(Config\Cache), false)
#12 G:\XAMPP\htdocs\majujayauas\index.php(37): CodeIgniter\CodeIgniter->run()
#13 {main}
ERROR - 2025-01-19 01:24:23 --> Unknown column 'deskripsi' in 'field list'
CRITICAL - 2025-01-19 01:24:23 --> Unknown column 'deskripsi' in 'field list'
#0 G:\XAMPP\htdocs\majujayauas\system\Database\MySQLi\Connection.php(292): mysqli->query('INSERT INTO `me...', 0)
#1 G:\XAMPP\htdocs\majujayauas\system\Database\BaseConnection.php(670): CodeIgniter\Database\MySQLi\Connection->execute('INSERT INTO `me...')
#2 G:\XAMPP\htdocs\majujayauas\system\Database\BaseConnection.php(598): CodeIgniter\Database\BaseConnection->simpleQuery('INSERT INTO `me...')
#3 G:\XAMPP\htdocs\majujayauas\system\Database\BaseBuilder.php(1759): CodeIgniter\Database\BaseConnection->query('INSERT INTO `me...', Array, false)
#4 G:\XAMPP\htdocs\majujayauas\system\Model.php(239): CodeIgniter\Database\BaseBuilder->insert()
#5 G:\XAMPP\htdocs\majujayauas\system\BaseModel.php(738): CodeIgniter\Model->doInsert(Array)
#6 G:\XAMPP\htdocs\majujayauas\system\Model.php(620): CodeIgniter\BaseModel->insert(Array, false)
#7 G:\XAMPP\htdocs\majujayauas\system\BaseModel.php(658): CodeIgniter\Model->insert(Array, false)
#8 G:\XAMPP\htdocs\majujayauas\app\Controllers\Menu.php(37): CodeIgniter\BaseModel->save(Array)
#9 G:\XAMPP\htdocs\majujayauas\system\CodeIgniter.php(824): App\Controllers\Menu->tambah()
#10 G:\XAMPP\htdocs\majujayauas\system\CodeIgniter.php(410): CodeIgniter\CodeIgniter->runController(Object(App\Controllers\Menu))
#11 G:\XAMPP\htdocs\majujayauas\system\CodeIgniter.php(318): CodeIgniter\CodeIgniter->handleRequest(NULL, Object(Config\Cache), false)
#12 G:\XAMPP\htdocs\majujayauas\index.php(37): CodeIgniter\CodeIgniter->run()
#13 {main}
ERROR - 2025-01-19 01:24:25 --> Unknown column 'deskripsi' in 'field list'
CRITICAL - 2025-01-19 01:24:25 --> Unknown column 'deskripsi' in 'field list'
#0 G:\XAMPP\htdocs\majujayauas\system\Database\MySQLi\Connection.php(292): mysqli->query('INSERT INTO `me...', 0)
#1 G:\XAMPP\htdocs\majujayauas\system\Database\BaseConnection.php(670): CodeIgniter\Database\MySQLi\Connection->execute('INSERT INTO `me...')
#2 G:\XAMPP\htdocs\majujayauas\system\Database\BaseConnection.php(598): CodeIgniter\Database\BaseConnection->simpleQuery('INSERT INTO `me...')
#3 G:\XAMPP\htdocs\majujayauas\system\Database\BaseBuilder.php(1759): CodeIgniter\Database\BaseConnection->query('INSERT INTO `me...', Array, false)
#4 G:\XAMPP\htdocs\majujayauas\system\Model.php(239): CodeIgniter\Database\BaseBuilder->insert()
#5 G:\XAMPP\htdocs\majujayauas\system\BaseModel.php(738): CodeIgniter\Model->doInsert(Array)
#6 G:\XAMPP\htdocs\majujayauas\system\Model.php(620): CodeIgniter\BaseModel->insert(Array, false)
#7 G:\XAMPP\htdocs\majujayauas\system\BaseModel.php(658): CodeIgniter\Model->insert(Array, false)
#8 G:\XAMPP\htdocs\majujayauas\app\Controllers\Menu.php(37): CodeIgniter\BaseModel->save(Array)
#9 G:\XAMPP\htdocs\majujayauas\system\CodeIgniter.php(824): App\Controllers\Menu->tambah()
#10 G:\XAMPP\htdocs\majujayauas\system\CodeIgniter.php(410): CodeIgniter\CodeIgniter->runController(Object(App\Controllers\Menu))
#11 G:\XAMPP\htdocs\majujayauas\system\CodeIgniter.php(318): CodeIgniter\CodeIgniter->handleRequest(NULL, Object(Config\Cache), false)
#12 G:\XAMPP\htdocs\majujayauas\index.php(37): CodeIgniter\CodeIgniter->run()
#13 {main}
ERROR - 2025-01-19 01:24:27 --> Unknown column 'deskripsi' in 'field list'
CRITICAL - 2025-01-19 01:24:27 --> Unknown column 'deskripsi' in 'field list'
#0 G:\XAMPP\htdocs\majujayauas\system\Database\MySQLi\Connection.php(292): mysqli->query('INSERT INTO `me...', 0)
#1 G:\XAMPP\htdocs\majujayauas\system\Database\BaseConnection.php(670): CodeIgniter\Database\MySQLi\Connection->execute('INSERT INTO `me...')
#2 G:\XAMPP\htdocs\majujayauas\system\Database\BaseConnection.php(598): CodeIgniter\Database\BaseConnection->simpleQuery('INSERT INTO `me...')
#3 G:\XAMPP\htdocs\majujayauas\system\Database\BaseBuilder.php(1759): CodeIgniter\Database\BaseConnection->query('INSERT INTO `me...', Array, false)
#4 G:\XAMPP\htdocs\majujayauas\system\Model.php(239): CodeIgniter\Database\BaseBuilder->insert()
#5 G:\XAMPP\htdocs\majujayauas\system\BaseModel.php(738): CodeIgniter\Model->doInsert(Array)
#6 G:\XAMPP\htdocs\majujayauas\system\Model.php(620): CodeIgniter\BaseModel->insert(Array, false)
#7 G:\XAMPP\htdocs\majujayauas\system\BaseModel.php(658): CodeIgniter\Model->insert(Array, false)
#8 G:\XAMPP\htdocs\majujayauas\app\Controllers\Menu.php(37): CodeIgniter\BaseModel->save(Array)
#9 G:\XAMPP\htdocs\majujayauas\system\CodeIgniter.php(824): App\Controllers\Menu->tambah()
#10 G:\XAMPP\htdocs\majujayauas\system\CodeIgniter.php(410): CodeIgniter\CodeIgniter->runController(Object(App\Controllers\Menu))
#11 G:\XAMPP\htdocs\majujayauas\system\CodeIgniter.php(318): CodeIgniter\CodeIgniter->handleRequest(NULL, Object(Config\Cache), false)
#12 G:\XAMPP\htdocs\majujayauas\index.php(37): CodeIgniter\CodeIgniter->run()
#13 {main}
ERROR - 2025-01-19 01:24:58 --> Unknown column 'deskripsi' in 'field list'
CRITICAL - 2025-01-19 01:24:58 --> Unknown column 'deskripsi' in 'field list'
#0 G:\XAMPP\htdocs\majujayauas\system\Database\MySQLi\Connection.php(292): mysqli->query('INSERT INTO `me...', 0)
#1 G:\XAMPP\htdocs\majujayauas\system\Database\BaseConnection.php(670): CodeIgniter\Database\MySQLi\Connection->execute('INSERT INTO `me...')
#2 G:\XAMPP\htdocs\majujayauas\system\Database\BaseConnection.php(598): CodeIgniter\Database\BaseConnection->simpleQuery('INSERT INTO `me...')
#3 G:\XAMPP\htdocs\majujayauas\system\Database\BaseBuilder.php(1759): CodeIgniter\Database\BaseConnection->query('INSERT INTO `me...', Array, false)
#4 G:\XAMPP\htdocs\majujayauas\system\Model.php(239): CodeIgniter\Database\BaseBuilder->insert()
#5 G:\XAMPP\htdocs\majujayauas\system\BaseModel.php(738): CodeIgniter\Model->doInsert(Array)
#6 G:\XAMPP\htdocs\majujayauas\system\Model.php(620): CodeIgniter\BaseModel->insert(Array, false)
#7 G:\XAMPP\htdocs\majujayauas\system\BaseModel.php(658): CodeIgniter\Model->insert(Array, false)
#8 G:\XAMPP\htdocs\majujayauas\app\Controllers\Menu.php(37): CodeIgniter\BaseModel->save(Array)
#9 G:\XAMPP\htdocs\majujayauas\system\CodeIgniter.php(824): App\Controllers\Menu->tambah()
#10 G:\XAMPP\htdocs\majujayauas\system\CodeIgniter.php(410): CodeIgniter\CodeIgniter->runController(Object(App\Controllers\Menu))
#11 G:\XAMPP\htdocs\majujayauas\system\CodeIgniter.php(318): CodeIgniter\CodeIgniter->handleRequest(NULL, Object(Config\Cache), false)
#12 G:\XAMPP\htdocs\majujayauas\index.php(37): CodeIgniter\CodeIgniter->run()
#13 {main}
ERROR - 2025-01-19 01:24:58 --> Unknown column 'deskripsi' in 'field list'
CRITICAL - 2025-01-19 01:24:58 --> Unknown column 'deskripsi' in 'field list'
#0 G:\XAMPP\htdocs\majujayauas\system\Database\MySQLi\Connection.php(292): mysqli->query('INSERT INTO `me...', 0)
#1 G:\XAMPP\htdocs\majujayauas\system\Database\BaseConnection.php(670): CodeIgniter\Database\MySQLi\Connection->execute('INSERT INTO `me...')
#2 G:\XAMPP\htdocs\majujayauas\system\Database\BaseConnection.php(598): CodeIgniter\Database\BaseConnection->simpleQuery('INSERT INTO `me...')
#3 G:\XAMPP\htdocs\majujayauas\system\Database\BaseBuilder.php(1759): CodeIgniter\Database\BaseConnection->query('INSERT INTO `me...', Array, false)
#4 G:\XAMPP\htdocs\majujayauas\system\Model.php(239): CodeIgniter\Database\BaseBuilder->insert()
#5 G:\XAMPP\htdocs\majujayauas\system\BaseModel.php(738): CodeIgniter\Model->doInsert(Array)
#6 G:\XAMPP\htdocs\majujayauas\system\Model.php(620): CodeIgniter\BaseModel->insert(Array, false)
#7 G:\XAMPP\htdocs\majujayauas\system\BaseModel.php(658): CodeIgniter\Model->insert(Array, false)
#8 G:\XAMPP\htdocs\majujayauas\app\Controllers\Menu.php(37): CodeIgniter\BaseModel->save(Array)
#9 G:\XAMPP\htdocs\majujayauas\system\CodeIgniter.php(824): App\Controllers\Menu->tambah()
#10 G:\XAMPP\htdocs\majujayauas\system\CodeIgniter.php(410): CodeIgniter\CodeIgniter->runController(Object(App\Controllers\Menu))
#11 G:\XAMPP\htdocs\majujayauas\system\CodeIgniter.php(318): CodeIgniter\CodeIgniter->handleRequest(NULL, Object(Config\Cache), false)
#12 G:\XAMPP\htdocs\majujayauas\index.php(37): CodeIgniter\CodeIgniter->run()
#13 {main}
ERROR - 2025-01-19 01:24:59 --> Unknown column 'deskripsi' in 'field list'
CRITICAL - 2025-01-19 01:24:59 --> Unknown column 'deskripsi' in 'field list'
#0 G:\XAMPP\htdocs\majujayauas\system\Database\MySQLi\Connection.php(292): mysqli->query('INSERT INTO `me...', 0)
#1 G:\XAMPP\htdocs\majujayauas\system\Database\BaseConnection.php(670): CodeIgniter\Database\MySQLi\Connection->execute('INSERT INTO `me...')
#2 G:\XAMPP\htdocs\majujayauas\system\Database\BaseConnection.php(598): CodeIgniter\Database\BaseConnection->simpleQuery('INSERT INTO `me...')
#3 G:\XAMPP\htdocs\majujayauas\system\Database\BaseBuilder.php(1759): CodeIgniter\Database\BaseConnection->query('INSERT INTO `me...', Array, false)
#4 G:\XAMPP\htdocs\majujayauas\system\Model.php(239): CodeIgniter\Database\BaseBuilder->insert()
#5 G:\XAMPP\htdocs\majujayauas\system\BaseModel.php(738): CodeIgniter\Model->doInsert(Array)
#6 G:\XAMPP\htdocs\majujayauas\system\Model.php(620): CodeIgniter\BaseModel->insert(Array, false)
#7 G:\XAMPP\htdocs\majujayauas\system\BaseModel.php(658): CodeIgniter\Model->insert(Array, false)
#8 G:\XAMPP\htdocs\majujayauas\app\Controllers\Menu.php(37): CodeIgniter\BaseModel->save(Array)
#9 G:\XAMPP\htdocs\majujayauas\system\CodeIgniter.php(824): App\Controllers\Menu->tambah()
#10 G:\XAMPP\htdocs\majujayauas\system\CodeIgniter.php(410): CodeIgniter\CodeIgniter->runController(Object(App\Controllers\Menu))
#11 G:\XAMPP\htdocs\majujayauas\system\CodeIgniter.php(318): CodeIgniter\CodeIgniter->handleRequest(NULL, Object(Config\Cache), false)
#12 G:\XAMPP\htdocs\majujayauas\index.php(37): CodeIgniter\CodeIgniter->run()
#13 {main}
ERROR - 2025-01-19 01:24:59 --> Unknown column 'deskripsi' in 'field list'
CRITICAL - 2025-01-19 01:24:59 --> Unknown column 'deskripsi' in 'field list'
#0 G:\XAMPP\htdocs\majujayauas\system\Database\MySQLi\Connection.php(292): mysqli->query('INSERT INTO `me...', 0)
#1 G:\XAMPP\htdocs\majujayauas\system\Database\BaseConnection.php(670): CodeIgniter\Database\MySQLi\Connection->execute('INSERT INTO `me...')
#2 G:\XAMPP\htdocs\majujayauas\system\Database\BaseConnection.php(598): CodeIgniter\Database\BaseConnection->simpleQuery('INSERT INTO `me...')
#3 G:\XAMPP\htdocs\majujayauas\system\Database\BaseBuilder.php(1759): CodeIgniter\Database\BaseConnection->query('INSERT INTO `me...', Array, false)
#4 G:\XAMPP\htdocs\majujayauas\system\Model.php(239): CodeIgniter\Database\BaseBuilder->insert()
#5 G:\XAMPP\htdocs\majujayauas\system\BaseModel.php(738): CodeIgniter\Model->doInsert(Array)
#6 G:\XAMPP\htdocs\majujayauas\system\Model.php(620): CodeIgniter\BaseModel->insert(Array, false)
#7 G:\XAMPP\htdocs\majujayauas\system\BaseModel.php(658): CodeIgniter\Model->insert(Array, false)
#8 G:\XAMPP\htdocs\majujayauas\app\Controllers\Menu.php(37): CodeIgniter\BaseModel->save(Array)
#9 G:\XAMPP\htdocs\majujayauas\system\CodeIgniter.php(824): App\Controllers\Menu->tambah()
#10 G:\XAMPP\htdocs\majujayauas\system\CodeIgniter.php(410): CodeIgniter\CodeIgniter->runController(Object(App\Controllers\Menu))
#11 G:\XAMPP\htdocs\majujayauas\system\CodeIgniter.php(318): CodeIgniter\CodeIgniter->handleRequest(NULL, Object(Config\Cache), false)
#12 G:\XAMPP\htdocs\majujayauas\index.php(37): CodeIgniter\CodeIgniter->run()
#13 {main}
ERROR - 2025-01-19 01:24:59 --> Unknown column 'deskripsi' in 'field list'
CRITICAL - 2025-01-19 01:24:59 --> Unknown column 'deskripsi' in 'field list'
#0 G:\XAMPP\htdocs\majujayauas\system\Database\MySQLi\Connection.php(292): mysqli->query('INSERT INTO `me...', 0)
#1 G:\XAMPP\htdocs\majujayauas\system\Database\BaseConnection.php(670): CodeIgniter\Database\MySQLi\Connection->execute('INSERT INTO `me...')
#2 G:\XAMPP\htdocs\majujayauas\system\Database\BaseConnection.php(598): CodeIgniter\Database\BaseConnection->simpleQuery('INSERT INTO `me...')
#3 G:\XAMPP\htdocs\majujayauas\system\Database\BaseBuilder.php(1759): CodeIgniter\Database\BaseConnection->query('INSERT INTO `me...', Array, false)
#4 G:\XAMPP\htdocs\majujayauas\system\Model.php(239): CodeIgniter\Database\BaseBuilder->insert()
#5 G:\XAMPP\htdocs\majujayauas\system\BaseModel.php(738): CodeIgniter\Model->doInsert(Array)
#6 G:\XAMPP\htdocs\majujayauas\system\Model.php(620): CodeIgniter\BaseModel->insert(Array, false)
#7 G:\XAMPP\htdocs\majujayauas\system\BaseModel.php(658): CodeIgniter\Model->insert(Array, false)
#8 G:\XAMPP\htdocs\majujayauas\app\Controllers\Menu.php(37): CodeIgniter\BaseModel->save(Array)
#9 G:\XAMPP\htdocs\majujayauas\system\CodeIgniter.php(824): App\Controllers\Menu->tambah()
#10 G:\XAMPP\htdocs\majujayauas\system\CodeIgniter.php(410): CodeIgniter\CodeIgniter->runController(Object(App\Controllers\Menu))
#11 G:\XAMPP\htdocs\majujayauas\system\CodeIgniter.php(318): CodeIgniter\CodeIgniter->handleRequest(NULL, Object(Config\Cache), false)
#12 G:\XAMPP\htdocs\majujayauas\index.php(37): CodeIgniter\CodeIgniter->run()
#13 {main}
ERROR - 2025-01-19 01:24:59 --> Unknown column 'deskripsi' in 'field list'
CRITICAL - 2025-01-19 01:24:59 --> Unknown column 'deskripsi' in 'field list'
#0 G:\XAMPP\htdocs\majujayauas\system\Database\MySQLi\Connection.php(292): mysqli->query('INSERT INTO `me...', 0)
#1 G:\XAMPP\htdocs\majujayauas\system\Database\BaseConnection.php(670): CodeIgniter\Database\MySQLi\Connection->execute('INSERT INTO `me...')
#2 G:\XAMPP\htdocs\majujayauas\system\Database\BaseConnection.php(598): CodeIgniter\Database\BaseConnection->simpleQuery('INSERT INTO `me...')
#3 G:\XAMPP\htdocs\majujayauas\system\Database\BaseBuilder.php(1759): CodeIgniter\Database\BaseConnection->query('INSERT INTO `me...', Array, false)
#4 G:\XAMPP\htdocs\majujayauas\system\Model.php(239): CodeIgniter\Database\BaseBuilder->insert()
#5 G:\XAMPP\htdocs\majujayauas\system\BaseModel.php(738): CodeIgniter\Model->doInsert(Array)
#6 G:\XAMPP\htdocs\majujayauas\system\Model.php(620): CodeIgniter\BaseModel->insert(Array, false)
#7 G:\XAMPP\htdocs\majujayauas\system\BaseModel.php(658): CodeIgniter\Model->insert(Array, false)
#8 G:\XAMPP\htdocs\majujayauas\app\Controllers\Menu.php(37): CodeIgniter\BaseModel->save(Array)
#9 G:\XAMPP\htdocs\majujayauas\system\CodeIgniter.php(824): App\Controllers\Menu->tambah()
#10 G:\XAMPP\htdocs\majujayauas\system\CodeIgniter.php(410): CodeIgniter\CodeIgniter->runController(Object(App\Controllers\Menu))
#11 G:\XAMPP\htdocs\majujayauas\system\CodeIgniter.php(318): CodeIgniter\CodeIgniter->handleRequest(NULL, Object(Config\Cache), false)
#12 G:\XAMPP\htdocs\majujayauas\index.php(37): CodeIgniter\CodeIgniter->run()
#13 {main}
ERROR - 2025-01-19 01:24:59 --> Unknown column 'deskripsi' in 'field list'
CRITICAL - 2025-01-19 01:24:59 --> Unknown column 'deskripsi' in 'field list'
#0 G:\XAMPP\htdocs\majujayauas\system\Database\MySQLi\Connection.php(292): mysqli->query('INSERT INTO `me...', 0)
#1 G:\XAMPP\htdocs\majujayauas\system\Database\BaseConnection.php(670): CodeIgniter\Database\MySQLi\Connection->execute('INSERT INTO `me...')
#2 G:\XAMPP\htdocs\majujayauas\system\Database\BaseConnection.php(598): CodeIgniter\Database\BaseConnection->simpleQuery('INSERT INTO `me...')
#3 G:\XAMPP\htdocs\majujayauas\system\Database\BaseBuilder.php(1759): CodeIgniter\Database\BaseConnection->query('INSERT INTO `me...', Array, false)
#4 G:\XAMPP\htdocs\majujayauas\system\Model.php(239): CodeIgniter\Database\BaseBuilder->insert()
#5 G:\XAMPP\htdocs\majujayauas\system\BaseModel.php(738): CodeIgniter\Model->doInsert(Array)
#6 G:\XAMPP\htdocs\majujayauas\system\Model.php(620): CodeIgniter\BaseModel->insert(Array, false)
#7 G:\XAMPP\htdocs\majujayauas\system\BaseModel.php(658): CodeIgniter\Model->insert(Array, false)
#8 G:\XAMPP\htdocs\majujayauas\app\Controllers\Menu.php(37): CodeIgniter\BaseModel->save(Array)
#9 G:\XAMPP\htdocs\majujayauas\system\CodeIgniter.php(824): App\Controllers\Menu->tambah()
#10 G:\XAMPP\htdocs\majujayauas\system\CodeIgniter.php(410): CodeIgniter\CodeIgniter->runController(Object(App\Controllers\Menu))
#11 G:\XAMPP\htdocs\majujayauas\system\CodeIgniter.php(318): CodeIgniter\CodeIgniter->handleRequest(NULL, Object(Config\Cache), false)
#12 G:\XAMPP\htdocs\majujayauas\index.php(37): CodeIgniter\CodeIgniter->run()
#13 {main}
ERROR - 2025-01-19 01:24:59 --> Unknown column 'deskripsi' in 'field list'
CRITICAL - 2025-01-19 01:24:59 --> Unknown column 'deskripsi' in 'field list'
#0 G:\XAMPP\htdocs\majujayauas\system\Database\MySQLi\Connection.php(292): mysqli->query('INSERT INTO `me...', 0)
#1 G:\XAMPP\htdocs\majujayauas\system\Database\BaseConnection.php(670): CodeIgniter\Database\MySQLi\Connection->execute('INSERT INTO `me...')
#2 G:\XAMPP\htdocs\majujayauas\system\Database\BaseConnection.php(598): CodeIgniter\Database\BaseConnection->simpleQuery('INSERT INTO `me...')
#3 G:\XAMPP\htdocs\majujayauas\system\Database\BaseBuilder.php(1759): CodeIgniter\Database\BaseConnection->query('INSERT INTO `me...', Array, false)
#4 G:\XAMPP\htdocs\majujayauas\system\Model.php(239): CodeIgniter\Database\BaseBuilder->insert()
#5 G:\XAMPP\htdocs\majujayauas\system\BaseModel.php(738): CodeIgniter\Model->doInsert(Array)
#6 G:\XAMPP\htdocs\majujayauas\system\Model.php(620): CodeIgniter\BaseModel->insert(Array, false)
#7 G:\XAMPP\htdocs\majujayauas\system\BaseModel.php(658): CodeIgniter\Model->insert(Array, false)
#8 G:\XAMPP\htdocs\majujayauas\app\Controllers\Menu.php(37): CodeIgniter\BaseModel->save(Array)
#9 G:\XAMPP\htdocs\majujayauas\system\CodeIgniter.php(824): App\Controllers\Menu->tambah()
#10 G:\XAMPP\htdocs\majujayauas\system\CodeIgniter.php(410): CodeIgniter\CodeIgniter->runController(Object(App\Controllers\Menu))
#11 G:\XAMPP\htdocs\majujayauas\system\CodeIgniter.php(318): CodeIgniter\CodeIgniter->handleRequest(NULL, Object(Config\Cache), false)
#12 G:\XAMPP\htdocs\majujayauas\index.php(37): CodeIgniter\CodeIgniter->run()
#13 {main}
ERROR - 2025-01-19 01:25:00 --> Unknown column 'deskripsi' in 'field list'
CRITICAL - 2025-01-19 01:25:00 --> Unknown column 'deskripsi' in 'field list'
#0 G:\XAMPP\htdocs\majujayauas\system\Database\MySQLi\Connection.php(292): mysqli->query('INSERT INTO `me...', 0)
#1 G:\XAMPP\htdocs\majujayauas\system\Database\BaseConnection.php(670): CodeIgniter\Database\MySQLi\Connection->execute('INSERT INTO `me...')
#2 G:\XAMPP\htdocs\majujayauas\system\Database\BaseConnection.php(598): CodeIgniter\Database\BaseConnection->simpleQuery('INSERT INTO `me...')
#3 G:\XAMPP\htdocs\majujayauas\system\Database\BaseBuilder.php(1759): CodeIgniter\Database\BaseConnection->query('INSERT INTO `me...', Array, false)
#4 G:\XAMPP\htdocs\majujayauas\system\Model.php(239): CodeIgniter\Database\BaseBuilder->insert()
#5 G:\XAMPP\htdocs\majujayauas\system\BaseModel.php(738): CodeIgniter\Model->doInsert(Array)
#6 G:\XAMPP\htdocs\majujayauas\system\Model.php(620): CodeIgniter\BaseModel->insert(Array, false)
#7 G:\XAMPP\htdocs\majujayauas\system\BaseModel.php(658): CodeIgniter\Model->insert(Array, false)
#8 G:\XAMPP\htdocs\majujayauas\app\Controllers\Menu.php(37): CodeIgniter\BaseModel->save(Array)
#9 G:\XAMPP\htdocs\majujayauas\system\CodeIgniter.php(824): App\Controllers\Menu->tambah()
#10 G:\XAMPP\htdocs\majujayauas\system\CodeIgniter.php(410): CodeIgniter\CodeIgniter->runController(Object(App\Controllers\Menu))
#11 G:\XAMPP\htdocs\majujayauas\system\CodeIgniter.php(318): CodeIgniter\CodeIgniter->handleRequest(NULL, Object(Config\Cache), false)
#12 G:\XAMPP\htdocs\majujayauas\index.php(37): CodeIgniter\CodeIgniter->run()
#13 {main}
ERROR - 2025-01-19 01:25:00 --> Unknown column 'deskripsi' in 'field list'
CRITICAL - 2025-01-19 01:25:00 --> Unknown column 'deskripsi' in 'field list'
#0 G:\XAMPP\htdocs\majujayauas\system\Database\MySQLi\Connection.php(292): mysqli->query('INSERT INTO `me...', 0)
#1 G:\XAMPP\htdocs\majujayauas\system\Database\BaseConnection.php(670): CodeIgniter\Database\MySQLi\Connection->execute('INSERT INTO `me...')
#2 G:\XAMPP\htdocs\majujayauas\system\Database\BaseConnection.php(598): CodeIgniter\Database\BaseConnection->simpleQuery('INSERT INTO `me...')
#3 G:\XAMPP\htdocs\majujayauas\system\Database\BaseBuilder.php(1759): CodeIgniter\Database\BaseConnection->query('INSERT INTO `me...', Array, false)
#4 G:\XAMPP\htdocs\majujayauas\system\Model.php(239): CodeIgniter\Database\BaseBuilder->insert()
#5 G:\XAMPP\htdocs\majujayauas\system\BaseModel.php(738): CodeIgniter\Model->doInsert(Array)
#6 G:\XAMPP\htdocs\majujayauas\system\Model.php(620): CodeIgniter\BaseModel->insert(Array, false)
#7 G:\XAMPP\htdocs\majujayauas\system\BaseModel.php(658): CodeIgniter\Model->insert(Array, false)
#8 G:\XAMPP\htdocs\majujayauas\app\Controllers\Menu.php(37): CodeIgniter\BaseModel->save(Array)
#9 G:\XAMPP\htdocs\majujayauas\system\CodeIgniter.php(824): App\Controllers\Menu->tambah()
#10 G:\XAMPP\htdocs\majujayauas\system\CodeIgniter.php(410): CodeIgniter\CodeIgniter->runController(Object(App\Controllers\Menu))
#11 G:\XAMPP\htdocs\majujayauas\system\CodeIgniter.php(318): CodeIgniter\CodeIgniter->handleRequest(NULL, Object(Config\Cache), false)
#12 G:\XAMPP\htdocs\majujayauas\index.php(37): CodeIgniter\CodeIgniter->run()
#13 {main}
ERROR - 2025-01-19 01:25:00 --> Unknown column 'deskripsi' in 'field list'
CRITICAL - 2025-01-19 01:25:00 --> Unknown column 'deskripsi' in 'field list'
#0 G:\XAMPP\htdocs\majujayauas\system\Database\MySQLi\Connection.php(292): mysqli->query('INSERT INTO `me...', 0)
#1 G:\XAMPP\htdocs\majujayauas\system\Database\BaseConnection.php(670): CodeIgniter\Database\MySQLi\Connection->execute('INSERT INTO `me...')
#2 G:\XAMPP\htdocs\majujayauas\system\Database\BaseConnection.php(598): CodeIgniter\Database\BaseConnection->simpleQuery('INSERT INTO `me...')
#3 G:\XAMPP\htdocs\majujayauas\system\Database\BaseBuilder.php(1759): CodeIgniter\Database\BaseConnection->query('INSERT INTO `me...', Array, false)
#4 G:\XAMPP\htdocs\majujayauas\system\Model.php(239): CodeIgniter\Database\BaseBuilder->insert()
#5 G:\XAMPP\htdocs\majujayauas\system\BaseModel.php(738): CodeIgniter\Model->doInsert(Array)
#6 G:\XAMPP\htdocs\majujayauas\system\Model.php(620): CodeIgniter\BaseModel->insert(Array, false)
#7 G:\XAMPP\htdocs\majujayauas\system\BaseModel.php(658): CodeIgniter\Model->insert(Array, false)
#8 G:\XAMPP\htdocs\majujayauas\app\Controllers\Menu.php(37): CodeIgniter\BaseModel->save(Array)
#9 G:\XAMPP\htdocs\majujayauas\system\CodeIgniter.php(824): App\Controllers\Menu->tambah()
#10 G:\XAMPP\htdocs\majujayauas\system\CodeIgniter.php(410): CodeIgniter\CodeIgniter->runController(Object(App\Controllers\Menu))
#11 G:\XAMPP\htdocs\majujayauas\system\CodeIgniter.php(318): CodeIgniter\CodeIgniter->handleRequest(NULL, Object(Config\Cache), false)
#12 G:\XAMPP\htdocs\majujayauas\index.php(37): CodeIgniter\CodeIgniter->run()
#13 {main}
ERROR - 2025-01-19 01:25:00 --> Unknown column 'deskripsi' in 'field list'
CRITICAL - 2025-01-19 01:25:00 --> Unknown column 'deskripsi' in 'field list'
#0 G:\XAMPP\htdocs\majujayauas\system\Database\MySQLi\Connection.php(292): mysqli->query('INSERT INTO `me...', 0)
#1 G:\XAMPP\htdocs\majujayauas\system\Database\BaseConnection.php(670): CodeIgniter\Database\MySQLi\Connection->execute('INSERT INTO `me...')
#2 G:\XAMPP\htdocs\majujayauas\system\Database\BaseConnection.php(598): CodeIgniter\Database\BaseConnection->simpleQuery('INSERT INTO `me...')
#3 G:\XAMPP\htdocs\majujayauas\system\Database\BaseBuilder.php(1759): CodeIgniter\Database\BaseConnection->query('INSERT INTO `me...', Array, false)
#4 G:\XAMPP\htdocs\majujayauas\system\Model.php(239): CodeIgniter\Database\BaseBuilder->insert()
#5 G:\XAMPP\htdocs\majujayauas\system\BaseModel.php(738): CodeIgniter\Model->doInsert(Array)
#6 G:\XAMPP\htdocs\majujayauas\system\Model.php(620): CodeIgniter\BaseModel->insert(Array, false)
#7 G:\XAMPP\htdocs\majujayauas\system\BaseModel.php(658): CodeIgniter\Model->insert(Array, false)
#8 G:\XAMPP\htdocs\majujayauas\app\Controllers\Menu.php(37): CodeIgniter\BaseModel->save(Array)
#9 G:\XAMPP\htdocs\majujayauas\system\CodeIgniter.php(824): App\Controllers\Menu->tambah()
#10 G:\XAMPP\htdocs\majujayauas\system\CodeIgniter.php(410): CodeIgniter\CodeIgniter->runController(Object(App\Controllers\Menu))
#11 G:\XAMPP\htdocs\majujayauas\system\CodeIgniter.php(318): CodeIgniter\CodeIgniter->handleRequest(NULL, Object(Config\Cache), false)
#12 G:\XAMPP\htdocs\majujayauas\index.php(37): CodeIgniter\CodeIgniter->run()
#13 {main}
ERROR - 2025-01-19 01:25:00 --> Unknown column 'deskripsi' in 'field list'
CRITICAL - 2025-01-19 01:25:00 --> Unknown column 'deskripsi' in 'field list'
#0 G:\XAMPP\htdocs\majujayauas\system\Database\MySQLi\Connection.php(292): mysqli->query('INSERT INTO `me...', 0)
#1 G:\XAMPP\htdocs\majujayauas\system\Database\BaseConnection.php(670): CodeIgniter\Database\MySQLi\Connection->execute('INSERT INTO `me...')
#2 G:\XAMPP\htdocs\majujayauas\system\Database\BaseConnection.php(598): CodeIgniter\Database\BaseConnection->simpleQuery('INSERT INTO `me...')
#3 G:\XAMPP\htdocs\majujayauas\system\Database\BaseBuilder.php(1759): CodeIgniter\Database\BaseConnection->query('INSERT INTO `me...', Array, false)
#4 G:\XAMPP\htdocs\majujayauas\system\Model.php(239): CodeIgniter\Database\BaseBuilder->insert()
#5 G:\XAMPP\htdocs\majujayauas\system\BaseModel.php(738): CodeIgniter\Model->doInsert(Array)
#6 G:\XAMPP\htdocs\majujayauas\system\Model.php(620): CodeIgniter\BaseModel->insert(Array, false)
#7 G:\XAMPP\htdocs\majujayauas\system\BaseModel.php(658): CodeIgniter\Model->insert(Array, false)
#8 G:\XAMPP\htdocs\majujayauas\app\Controllers\Menu.php(37): CodeIgniter\BaseModel->save(Array)
#9 G:\XAMPP\htdocs\majujayauas\system\CodeIgniter.php(824): App\Controllers\Menu->tambah()
#10 G:\XAMPP\htdocs\majujayauas\system\CodeIgniter.php(410): CodeIgniter\CodeIgniter->runController(Object(App\Controllers\Menu))
#11 G:\XAMPP\htdocs\majujayauas\system\CodeIgniter.php(318): CodeIgniter\CodeIgniter->handleRequest(NULL, Object(Config\Cache), false)
#12 G:\XAMPP\htdocs\majujayauas\index.php(37): CodeIgniter\CodeIgniter->run()
#13 {main}
ERROR - 2025-01-19 01:25:01 --> Unknown column 'deskripsi' in 'field list'
CRITICAL - 2025-01-19 01:25:01 --> Unknown column 'deskripsi' in 'field list'
#0 G:\XAMPP\htdocs\majujayauas\system\Database\MySQLi\Connection.php(292): mysqli->query('INSERT INTO `me...', 0)
#1 G:\XAMPP\htdocs\majujayauas\system\Database\BaseConnection.php(670): CodeIgniter\Database\MySQLi\Connection->execute('INSERT INTO `me...')
#2 G:\XAMPP\htdocs\majujayauas\system\Database\BaseConnection.php(598): CodeIgniter\Database\BaseConnection->simpleQuery('INSERT INTO `me...')
#3 G:\XAMPP\htdocs\majujayauas\system\Database\BaseBuilder.php(1759): CodeIgniter\Database\BaseConnection->query('INSERT INTO `me...', Array, false)
#4 G:\XAMPP\htdocs\majujayauas\system\Model.php(239): CodeIgniter\Database\BaseBuilder->insert()
#5 G:\XAMPP\htdocs\majujayauas\system\BaseModel.php(738): CodeIgniter\Model->doInsert(Array)
#6 G:\XAMPP\htdocs\majujayauas\system\Model.php(620): CodeIgniter\BaseModel->insert(Array, false)
#7 G:\XAMPP\htdocs\majujayauas\system\BaseModel.php(658): CodeIgniter\Model->insert(Array, false)
#8 G:\XAMPP\htdocs\majujayauas\app\Controllers\Menu.php(37): CodeIgniter\BaseModel->save(Array)
#9 G:\XAMPP\htdocs\majujayauas\system\CodeIgniter.php(824): App\Controllers\Menu->tambah()
#10 G:\XAMPP\htdocs\majujayauas\system\CodeIgniter.php(410): CodeIgniter\CodeIgniter->runController(Object(App\Controllers\Menu))
#11 G:\XAMPP\htdocs\majujayauas\system\CodeIgniter.php(318): CodeIgniter\CodeIgniter->handleRequest(NULL, Object(Config\Cache), false)
#12 G:\XAMPP\htdocs\majujayauas\index.php(37): CodeIgniter\CodeIgniter->run()
#13 {main}
ERROR - 2025-01-19 01:25:01 --> Unknown column 'deskripsi' in 'field list'
CRITICAL - 2025-01-19 01:25:01 --> Unknown column 'deskripsi' in 'field list'
#0 G:\XAMPP\htdocs\majujayauas\system\Database\MySQLi\Connection.php(292): mysqli->query('INSERT INTO `me...', 0)
#1 G:\XAMPP\htdocs\majujayauas\system\Database\BaseConnection.php(670): CodeIgniter\Database\MySQLi\Connection->execute('INSERT INTO `me...')
#2 G:\XAMPP\htdocs\majujayauas\system\Database\BaseConnection.php(598): CodeIgniter\Database\BaseConnection->simpleQuery('INSERT INTO `me...')
#3 G:\XAMPP\htdocs\majujayauas\system\Database\BaseBuilder.php(1759): CodeIgniter\Database\BaseConnection->query('INSERT INTO `me...', Array, false)
#4 G:\XAMPP\htdocs\majujayauas\system\Model.php(239): CodeIgniter\Database\BaseBuilder->insert()
#5 G:\XAMPP\htdocs\majujayauas\system\BaseModel.php(738): CodeIgniter\Model->doInsert(Array)
#6 G:\XAMPP\htdocs\majujayauas\system\Model.php(620): CodeIgniter\BaseModel->insert(Array, false)
#7 G:\XAMPP\htdocs\majujayauas\system\BaseModel.php(658): CodeIgniter\Model->insert(Array, false)
#8 G:\XAMPP\htdocs\majujayauas\app\Controllers\Menu.php(37): CodeIgniter\BaseModel->save(Array)
#9 G:\XAMPP\htdocs\majujayauas\system\CodeIgniter.php(824): App\Controllers\Menu->tambah()
#10 G:\XAMPP\htdocs\majujayauas\system\CodeIgniter.php(410): CodeIgniter\CodeIgniter->runController(Object(App\Controllers\Menu))
#11 G:\XAMPP\htdocs\majujayauas\system\CodeIgniter.php(318): CodeIgniter\CodeIgniter->handleRequest(NULL, Object(Config\Cache), false)
#12 G:\XAMPP\htdocs\majujayauas\index.php(37): CodeIgniter\CodeIgniter->run()
#13 {main}
ERROR - 2025-01-19 01:25:01 --> Unknown column 'deskripsi' in 'field list'
CRITICAL - 2025-01-19 01:25:01 --> Unknown column 'deskripsi' in 'field list'
#0 G:\XAMPP\htdocs\majujayauas\system\Database\MySQLi\Connection.php(292): mysqli->query('INSERT INTO `me...', 0)
#1 G:\XAMPP\htdocs\majujayauas\system\Database\BaseConnection.php(670): CodeIgniter\Database\MySQLi\Connection->execute('INSERT INTO `me...')
#2 G:\XAMPP\htdocs\majujayauas\system\Database\BaseConnection.php(598): CodeIgniter\Database\BaseConnection->simpleQuery('INSERT INTO `me...')
#3 G:\XAMPP\htdocs\majujayauas\system\Database\BaseBuilder.php(1759): CodeIgniter\Database\BaseConnection->query('INSERT INTO `me...', Array, false)
#4 G:\XAMPP\htdocs\majujayauas\system\Model.php(239): CodeIgniter\Database\BaseBuilder->insert()
#5 G:\XAMPP\htdocs\majujayauas\system\BaseModel.php(738): CodeIgniter\Model->doInsert(Array)
#6 G:\XAMPP\htdocs\majujayauas\system\Model.php(620): CodeIgniter\BaseModel->insert(Array, false)
#7 G:\XAMPP\htdocs\majujayauas\system\BaseModel.php(658): CodeIgniter\Model->insert(Array, false)
#8 G:\XAMPP\htdocs\majujayauas\app\Controllers\Menu.php(37): CodeIgniter\BaseModel->save(Array)
#9 G:\XAMPP\htdocs\majujayauas\system\CodeIgniter.php(824): App\Controllers\Menu->tambah()
#10 G:\XAMPP\htdocs\majujayauas\system\CodeIgniter.php(410): CodeIgniter\CodeIgniter->runController(Object(App\Controllers\Menu))
#11 G:\XAMPP\htdocs\majujayauas\system\CodeIgniter.php(318): CodeIgniter\CodeIgniter->handleRequest(NULL, Object(Config\Cache), false)
#12 G:\XAMPP\htdocs\majujayauas\index.php(37): CodeIgniter\CodeIgniter->run()
#13 {main}
ERROR - 2025-01-19 01:25:01 --> Unknown column 'deskripsi' in 'field list'
CRITICAL - 2025-01-19 01:25:01 --> Unknown column 'deskripsi' in 'field list'
#0 G:\XAMPP\htdocs\majujayauas\system\Database\MySQLi\Connection.php(292): mysqli->query('INSERT INTO `me...', 0)
#1 G:\XAMPP\htdocs\majujayauas\system\Database\BaseConnection.php(670): CodeIgniter\Database\MySQLi\Connection->execute('INSERT INTO `me...')
#2 G:\XAMPP\htdocs\majujayauas\system\Database\BaseConnection.php(598): CodeIgniter\Database\BaseConnection->simpleQuery('INSERT INTO `me...')
#3 G:\XAMPP\htdocs\majujayauas\system\Database\BaseBuilder.php(1759): CodeIgniter\Database\BaseConnection->query('INSERT INTO `me...', Array, false)
#4 G:\XAMPP\htdocs\majujayauas\system\Model.php(239): CodeIgniter\Database\BaseBuilder->insert()
#5 G:\XAMPP\htdocs\majujayauas\system\BaseModel.php(738): CodeIgniter\Model->doInsert(Array)
#6 G:\XAMPP\htdocs\majujayauas\system\Model.php(620): CodeIgniter\BaseModel->insert(Array, false)
#7 G:\XAMPP\htdocs\majujayauas\system\BaseModel.php(658): CodeIgniter\Model->insert(Array, false)
#8 G:\XAMPP\htdocs\majujayauas\app\Controllers\Menu.php(37): CodeIgniter\BaseModel->save(Array)
#9 G:\XAMPP\htdocs\majujayauas\system\CodeIgniter.php(824): App\Controllers\Menu->tambah()
#10 G:\XAMPP\htdocs\majujayauas\system\CodeIgniter.php(410): CodeIgniter\CodeIgniter->runController(Object(App\Controllers\Menu))
#11 G:\XAMPP\htdocs\majujayauas\system\CodeIgniter.php(318): CodeIgniter\CodeIgniter->handleRequest(NULL, Object(Config\Cache), false)
#12 G:\XAMPP\htdocs\majujayauas\index.php(37): CodeIgniter\CodeIgniter->run()
#13 {main}
ERROR - 2025-01-19 01:25:01 --> Unknown column 'deskripsi' in 'field list'
CRITICAL - 2025-01-19 01:25:01 --> Unknown column 'deskripsi' in 'field list'
#0 G:\XAMPP\htdocs\majujayauas\system\Database\MySQLi\Connection.php(292): mysqli->query('INSERT INTO `me...', 0)
#1 G:\XAMPP\htdocs\majujayauas\system\Database\BaseConnection.php(670): CodeIgniter\Database\MySQLi\Connection->execute('INSERT INTO `me...')
#2 G:\XAMPP\htdocs\majujayauas\system\Database\BaseConnection.php(598): CodeIgniter\Database\BaseConnection->simpleQuery('INSERT INTO `me...')
#3 G:\XAMPP\htdocs\majujayauas\system\Database\BaseBuilder.php(1759): CodeIgniter\Database\BaseConnection->query('INSERT INTO `me...', Array, false)
#4 G:\XAMPP\htdocs\majujayauas\system\Model.php(239): CodeIgniter\Database\BaseBuilder->insert()
#5 G:\XAMPP\htdocs\majujayauas\system\BaseModel.php(738): CodeIgniter\Model->doInsert(Array)
#6 G:\XAMPP\htdocs\majujayauas\system\Model.php(620): CodeIgniter\BaseModel->insert(Array, false)
#7 G:\XAMPP\htdocs\majujayauas\system\BaseModel.php(658): CodeIgniter\Model->insert(Array, false)
#8 G:\XAMPP\htdocs\majujayauas\app\Controllers\Menu.php(37): CodeIgniter\BaseModel->save(Array)
#9 G:\XAMPP\htdocs\majujayauas\system\CodeIgniter.php(824): App\Controllers\Menu->tambah()
#10 G:\XAMPP\htdocs\majujayauas\system\CodeIgniter.php(410): CodeIgniter\CodeIgniter->runController(Object(App\Controllers\Menu))
#11 G:\XAMPP\htdocs\majujayauas\system\CodeIgniter.php(318): CodeIgniter\CodeIgniter->handleRequest(NULL, Object(Config\Cache), false)
#12 G:\XAMPP\htdocs\majujayauas\index.php(37): CodeIgniter\CodeIgniter->run()
#13 {main}
ERROR - 2025-01-19 01:25:02 --> Unknown column 'deskripsi' in 'field list'
CRITICAL - 2025-01-19 01:25:02 --> Unknown column 'deskripsi' in 'field list'
#0 G:\XAMPP\htdocs\majujayauas\system\Database\MySQLi\Connection.php(292): mysqli->query('INSERT INTO `me...', 0)
#1 G:\XAMPP\htdocs\majujayauas\system\Database\BaseConnection.php(670): CodeIgniter\Database\MySQLi\Connection->execute('INSERT INTO `me...')
#2 G:\XAMPP\htdocs\majujayauas\system\Database\BaseConnection.php(598): CodeIgniter\Database\BaseConnection->simpleQuery('INSERT INTO `me...')
#3 G:\XAMPP\htdocs\majujayauas\system\Database\BaseBuilder.php(1759): CodeIgniter\Database\BaseConnection->query('INSERT INTO `me...', Array, false)
#4 G:\XAMPP\htdocs\majujayauas\system\Model.php(239): CodeIgniter\Database\BaseBuilder->insert()
#5 G:\XAMPP\htdocs\majujayauas\system\BaseModel.php(738): CodeIgniter\Model->doInsert(Array)
#6 G:\XAMPP\htdocs\majujayauas\system\Model.php(620): CodeIgniter\BaseModel->insert(Array, false)
#7 G:\XAMPP\htdocs\majujayauas\system\BaseModel.php(658): CodeIgniter\Model->insert(Array, false)
#8 G:\XAMPP\htdocs\majujayauas\app\Controllers\Menu.php(37): CodeIgniter\BaseModel->save(Array)
#9 G:\XAMPP\htdocs\majujayauas\system\CodeIgniter.php(824): App\Controllers\Menu->tambah()
#10 G:\XAMPP\htdocs\majujayauas\system\CodeIgniter.php(410): CodeIgniter\CodeIgniter->runController(Object(App\Controllers\Menu))
#11 G:\XAMPP\htdocs\majujayauas\system\CodeIgniter.php(318): CodeIgniter\CodeIgniter->handleRequest(NULL, Object(Config\Cache), false)
#12 G:\XAMPP\htdocs\majujayauas\index.php(37): CodeIgniter\CodeIgniter->run()
#13 {main}
ERROR - 2025-01-19 01:25:02 --> Unknown column 'deskripsi' in 'field list'
CRITICAL - 2025-01-19 01:25:02 --> Unknown column 'deskripsi' in 'field list'
#0 G:\XAMPP\htdocs\majujayauas\system\Database\MySQLi\Connection.php(292): mysqli->query('INSERT INTO `me...', 0)
#1 G:\XAMPP\htdocs\majujayauas\system\Database\BaseConnection.php(670): CodeIgniter\Database\MySQLi\Connection->execute('INSERT INTO `me...')
#2 G:\XAMPP\htdocs\majujayauas\system\Database\BaseConnection.php(598): CodeIgniter\Database\BaseConnection->simpleQuery('INSERT INTO `me...')
#3 G:\XAMPP\htdocs\majujayauas\system\Database\BaseBuilder.php(1759): CodeIgniter\Database\BaseConnection->query('INSERT INTO `me...', Array, false)
#4 G:\XAMPP\htdocs\majujayauas\system\Model.php(239): CodeIgniter\Database\BaseBuilder->insert()
#5 G:\XAMPP\htdocs\majujayauas\system\BaseModel.php(738): CodeIgniter\Model->doInsert(Array)
#6 G:\XAMPP\htdocs\majujayauas\system\Model.php(620): CodeIgniter\BaseModel->insert(Array, false)
#7 G:\XAMPP\htdocs\majujayauas\system\BaseModel.php(658): CodeIgniter\Model->insert(Array, false)
#8 G:\XAMPP\htdocs\majujayauas\app\Controllers\Menu.php(37): CodeIgniter\BaseModel->save(Array)
#9 G:\XAMPP\htdocs\majujayauas\system\CodeIgniter.php(824): App\Controllers\Menu->tambah()
#10 G:\XAMPP\htdocs\majujayauas\system\CodeIgniter.php(410): CodeIgniter\CodeIgniter->runController(Object(App\Controllers\Menu))
#11 G:\XAMPP\htdocs\majujayauas\system\CodeIgniter.php(318): CodeIgniter\CodeIgniter->handleRequest(NULL, Object(Config\Cache), false)
#12 G:\XAMPP\htdocs\majujayauas\index.php(37): CodeIgniter\CodeIgniter->run()
#13 {main}
ERROR - 2025-01-19 01:25:02 --> Unknown column 'deskripsi' in 'field list'
CRITICAL - 2025-01-19 01:25:02 --> Unknown column 'deskripsi' in 'field list'
#0 G:\XAMPP\htdocs\majujayauas\system\Database\MySQLi\Connection.php(292): mysqli->query('INSERT INTO `me...', 0)
#1 G:\XAMPP\htdocs\majujayauas\system\Database\BaseConnection.php(670): CodeIgniter\Database\MySQLi\Connection->execute('INSERT INTO `me...')
#2 G:\XAMPP\htdocs\majujayauas\system\Database\BaseConnection.php(598): CodeIgniter\Database\BaseConnection->simpleQuery('INSERT INTO `me...')
#3 G:\XAMPP\htdocs\majujayauas\system\Database\BaseBuilder.php(1759): CodeIgniter\Database\BaseConnection->query('INSERT INTO `me...', Array, false)
#4 G:\XAMPP\htdocs\majujayauas\system\Model.php(239): CodeIgniter\Database\BaseBuilder->insert()
#5 G:\XAMPP\htdocs\majujayauas\system\BaseModel.php(738): CodeIgniter\Model->doInsert(Array)
#6 G:\XAMPP\htdocs\majujayauas\system\Model.php(620): CodeIgniter\BaseModel->insert(Array, false)
#7 G:\XAMPP\htdocs\majujayauas\system\BaseModel.php(658): CodeIgniter\Model->insert(Array, false)
#8 G:\XAMPP\htdocs\majujayauas\app\Controllers\Menu.php(37): CodeIgniter\BaseModel->save(Array)
#9 G:\XAMPP\htdocs\majujayauas\system\CodeIgniter.php(824): App\Controllers\Menu->tambah()
#10 G:\XAMPP\htdocs\majujayauas\system\CodeIgniter.php(410): CodeIgniter\CodeIgniter->runController(Object(App\Controllers\Menu))
#11 G:\XAMPP\htdocs\majujayauas\system\CodeIgniter.php(318): CodeIgniter\CodeIgniter->handleRequest(NULL, Object(Config\Cache), false)
#12 G:\XAMPP\htdocs\majujayauas\index.php(37): CodeIgniter\CodeIgniter->run()
#13 {main}
ERROR - 2025-01-19 01:25:02 --> Unknown column 'deskripsi' in 'field list'
CRITICAL - 2025-01-19 01:25:02 --> Unknown column 'deskripsi' in 'field list'
#0 G:\XAMPP\htdocs\majujayauas\system\Database\MySQLi\Connection.php(292): mysqli->query('INSERT INTO `me...', 0)
#1 G:\XAMPP\htdocs\majujayauas\system\Database\BaseConnection.php(670): CodeIgniter\Database\MySQLi\Connection->execute('INSERT INTO `me...')
#2 G:\XAMPP\htdocs\majujayauas\system\Database\BaseConnection.php(598): CodeIgniter\Database\BaseConnection->simpleQuery('INSERT INTO `me...')
#3 G:\XAMPP\htdocs\majujayauas\system\Database\BaseBuilder.php(1759): CodeIgniter\Database\BaseConnection->query('INSERT INTO `me...', Array, false)
#4 G:\XAMPP\htdocs\majujayauas\system\Model.php(239): CodeIgniter\Database\BaseBuilder->insert()
#5 G:\XAMPP\htdocs\majujayauas\system\BaseModel.php(738): CodeIgniter\Model->doInsert(Array)
#6 G:\XAMPP\htdocs\majujayauas\system\Model.php(620): CodeIgniter\BaseModel->insert(Array, false)
#7 G:\XAMPP\htdocs\majujayauas\system\BaseModel.php(658): CodeIgniter\Model->insert(Array, false)
#8 G:\XAMPP\htdocs\majujayauas\app\Controllers\Menu.php(37): CodeIgniter\BaseModel->save(Array)
#9 G:\XAMPP\htdocs\majujayauas\system\CodeIgniter.php(824): App\Controllers\Menu->tambah()
#10 G:\XAMPP\htdocs\majujayauas\system\CodeIgniter.php(410): CodeIgniter\CodeIgniter->runController(Object(App\Controllers\Menu))
#11 G:\XAMPP\htdocs\majujayauas\system\CodeIgniter.php(318): CodeIgniter\CodeIgniter->handleRequest(NULL, Object(Config\Cache), false)
#12 G:\XAMPP\htdocs\majujayauas\index.php(37): CodeIgniter\CodeIgniter->run()
#13 {main}
ERROR - 2025-01-19 01:25:03 --> Unknown column 'deskripsi' in 'field list'
CRITICAL - 2025-01-19 01:25:03 --> Unknown column 'deskripsi' in 'field list'
#0 G:\XAMPP\htdocs\majujayauas\system\Database\MySQLi\Connection.php(292): mysqli->query('INSERT INTO `me...', 0)
#1 G:\XAMPP\htdocs\majujayauas\system\Database\BaseConnection.php(670): CodeIgniter\Database\MySQLi\Connection->execute('INSERT INTO `me...')
#2 G:\XAMPP\htdocs\majujayauas\system\Database\BaseConnection.php(598): CodeIgniter\Database\BaseConnection->simpleQuery('INSERT INTO `me...')
#3 G:\XAMPP\htdocs\majujayauas\system\Database\BaseBuilder.php(1759): CodeIgniter\Database\BaseConnection->query('INSERT INTO `me...', Array, false)
#4 G:\XAMPP\htdocs\majujayauas\system\Model.php(239): CodeIgniter\Database\BaseBuilder->insert()
#5 G:\XAMPP\htdocs\majujayauas\system\BaseModel.php(738): CodeIgniter\Model->doInsert(Array)
#6 G:\XAMPP\htdocs\majujayauas\system\Model.php(620): CodeIgniter\BaseModel->insert(Array, false)
#7 G:\XAMPP\htdocs\majujayauas\system\BaseModel.php(658): CodeIgniter\Model->insert(Array, false)
#8 G:\XAMPP\htdocs\majujayauas\app\Controllers\Menu.php(37): CodeIgniter\BaseModel->save(Array)
#9 G:\XAMPP\htdocs\majujayauas\system\CodeIgniter.php(824): App\Controllers\Menu->tambah()
#10 G:\XAMPP\htdocs\majujayauas\system\CodeIgniter.php(410): CodeIgniter\CodeIgniter->runController(Object(App\Controllers\Menu))
#11 G:\XAMPP\htdocs\majujayauas\system\CodeIgniter.php(318): CodeIgniter\CodeIgniter->handleRequest(NULL, Object(Config\Cache), false)
#12 G:\XAMPP\htdocs\majujayauas\index.php(37): CodeIgniter\CodeIgniter->run()
#13 {main}
ERROR - 2025-01-19 01:25:58 --> Unknown column 'deskripsi' in 'field list'
CRITICAL - 2025-01-19 01:25:58 --> Unknown column 'deskripsi' in 'field list'
#0 G:\XAMPP\htdocs\majujayauas\system\Database\MySQLi\Connection.php(292): mysqli->query('INSERT INTO `me...', 0)
#1 G:\XAMPP\htdocs\majujayauas\system\Database\BaseConnection.php(670): CodeIgniter\Database\MySQLi\Connection->execute('INSERT INTO `me...')
#2 G:\XAMPP\htdocs\majujayauas\system\Database\BaseConnection.php(598): CodeIgniter\Database\BaseConnection->simpleQuery('INSERT INTO `me...')
#3 G:\XAMPP\htdocs\majujayauas\system\Database\BaseBuilder.php(1759): CodeIgniter\Database\BaseConnection->query('INSERT INTO `me...', Array, false)
#4 G:\XAMPP\htdocs\majujayauas\system\Model.php(239): CodeIgniter\Database\BaseBuilder->insert()
#5 G:\XAMPP\htdocs\majujayauas\system\BaseModel.php(738): CodeIgniter\Model->doInsert(Array)
#6 G:\XAMPP\htdocs\majujayauas\system\Model.php(620): CodeIgniter\BaseModel->insert(Array, false)
#7 G:\XAMPP\htdocs\majujayauas\system\BaseModel.php(658): CodeIgniter\Model->insert(Array, false)
#8 G:\XAMPP\htdocs\majujayauas\app\Controllers\Menu.php(37): CodeIgniter\BaseModel->save(Array)
#9 G:\XAMPP\htdocs\majujayauas\system\CodeIgniter.php(824): App\Controllers\Menu->tambah()
#10 G:\XAMPP\htdocs\majujayauas\system\CodeIgniter.php(410): CodeIgniter\CodeIgniter->runController(Object(App\Controllers\Menu))
#11 G:\XAMPP\htdocs\majujayauas\system\CodeIgniter.php(318): CodeIgniter\CodeIgniter->handleRequest(NULL, Object(Config\Cache), false)
#12 G:\XAMPP\htdocs\majujayauas\index.php(37): CodeIgniter\CodeIgniter->run()
#13 {main}
ERROR - 2025-01-19 01:25:58 --> Unknown column 'deskripsi' in 'field list'
CRITICAL - 2025-01-19 01:25:58 --> Unknown column 'deskripsi' in 'field list'
#0 G:\XAMPP\htdocs\majujayauas\system\Database\MySQLi\Connection.php(292): mysqli->query('INSERT INTO `me...', 0)
#1 G:\XAMPP\htdocs\majujayauas\system\Database\BaseConnection.php(670): CodeIgniter\Database\MySQLi\Connection->execute('INSERT INTO `me...')
#2 G:\XAMPP\htdocs\majujayauas\system\Database\BaseConnection.php(598): CodeIgniter\Database\BaseConnection->simpleQuery('INSERT INTO `me...')
#3 G:\XAMPP\htdocs\majujayauas\system\Database\BaseBuilder.php(1759): CodeIgniter\Database\BaseConnection->query('INSERT INTO `me...', Array, false)
#4 G:\XAMPP\htdocs\majujayauas\system\Model.php(239): CodeIgniter\Database\BaseBuilder->insert()
#5 G:\XAMPP\htdocs\majujayauas\system\BaseModel.php(738): CodeIgniter\Model->doInsert(Array)
#6 G:\XAMPP\htdocs\majujayauas\system\Model.php(620): CodeIgniter\BaseModel->insert(Array, false)
#7 G:\XAMPP\htdocs\majujayauas\system\BaseModel.php(658): CodeIgniter\Model->insert(Array, false)
#8 G:\XAMPP\htdocs\majujayauas\app\Controllers\Menu.php(37): CodeIgniter\BaseModel->save(Array)
#9 G:\XAMPP\htdocs\majujayauas\system\CodeIgniter.php(824): App\Controllers\Menu->tambah()
#10 G:\XAMPP\htdocs\majujayauas\system\CodeIgniter.php(410): CodeIgniter\CodeIgniter->runController(Object(App\Controllers\Menu))
#11 G:\XAMPP\htdocs\majujayauas\system\CodeIgniter.php(318): CodeIgniter\CodeIgniter->handleRequest(NULL, Object(Config\Cache), false)
#12 G:\XAMPP\htdocs\majujayauas\index.php(37): CodeIgniter\CodeIgniter->run()
#13 {main}
ERROR - 2025-01-19 01:25:59 --> Unknown column 'deskripsi' in 'field list'
CRITICAL - 2025-01-19 01:25:59 --> Unknown column 'deskripsi' in 'field list'
#0 G:\XAMPP\htdocs\majujayauas\system\Database\MySQLi\Connection.php(292): mysqli->query('INSERT INTO `me...', 0)
#1 G:\XAMPP\htdocs\majujayauas\system\Database\BaseConnection.php(670): CodeIgniter\Database\MySQLi\Connection->execute('INSERT INTO `me...')
#2 G:\XAMPP\htdocs\majujayauas\system\Database\BaseConnection.php(598): CodeIgniter\Database\BaseConnection->simpleQuery('INSERT INTO `me...')
#3 G:\XAMPP\htdocs\majujayauas\system\Database\BaseBuilder.php(1759): CodeIgniter\Database\BaseConnection->query('INSERT INTO `me...', Array, false)
#4 G:\XAMPP\htdocs\majujayauas\system\Model.php(239): CodeIgniter\Database\BaseBuilder->insert()
#5 G:\XAMPP\htdocs\majujayauas\system\BaseModel.php(738): CodeIgniter\Model->doInsert(Array)
#6 G:\XAMPP\htdocs\majujayauas\system\Model.php(620): CodeIgniter\BaseModel->insert(Array, false)
#7 G:\XAMPP\htdocs\majujayauas\system\BaseModel.php(658): CodeIgniter\Model->insert(Array, false)
#8 G:\XAMPP\htdocs\majujayauas\app\Controllers\Menu.php(37): CodeIgniter\BaseModel->save(Array)
#9 G:\XAMPP\htdocs\majujayauas\system\CodeIgniter.php(824): App\Controllers\Menu->tambah()
#10 G:\XAMPP\htdocs\majujayauas\system\CodeIgniter.php(410): CodeIgniter\CodeIgniter->runController(Object(App\Controllers\Menu))
#11 G:\XAMPP\htdocs\majujayauas\system\CodeIgniter.php(318): CodeIgniter\CodeIgniter->handleRequest(NULL, Object(Config\Cache), false)
#12 G:\XAMPP\htdocs\majujayauas\index.php(37): CodeIgniter\CodeIgniter->run()
#13 {main}
ERROR - 2025-01-19 01:25:59 --> Unknown column 'deskripsi' in 'field list'
CRITICAL - 2025-01-19 01:25:59 --> Unknown column 'deskripsi' in 'field list'
#0 G:\XAMPP\htdocs\majujayauas\system\Database\MySQLi\Connection.php(292): mysqli->query('INSERT INTO `me...', 0)
#1 G:\XAMPP\htdocs\majujayauas\system\Database\BaseConnection.php(670): CodeIgniter\Database\MySQLi\Connection->execute('INSERT INTO `me...')
#2 G:\XAMPP\htdocs\majujayauas\system\Database\BaseConnection.php(598): CodeIgniter\Database\BaseConnection->simpleQuery('INSERT INTO `me...')
#3 G:\XAMPP\htdocs\majujayauas\system\Database\BaseBuilder.php(1759): CodeIgniter\Database\BaseConnection->query('INSERT INTO `me...', Array, false)
#4 G:\XAMPP\htdocs\majujayauas\system\Model.php(239): CodeIgniter\Database\BaseBuilder->insert()
#5 G:\XAMPP\htdocs\majujayauas\system\BaseModel.php(738): CodeIgniter\Model->doInsert(Array)
#6 G:\XAMPP\htdocs\majujayauas\system\Model.php(620): CodeIgniter\BaseModel->insert(Array, false)
#7 G:\XAMPP\htdocs\majujayauas\system\BaseModel.php(658): CodeIgniter\Model->insert(Array, false)
#8 G:\XAMPP\htdocs\majujayauas\app\Controllers\Menu.php(37): CodeIgniter\BaseModel->save(Array)
#9 G:\XAMPP\htdocs\majujayauas\system\CodeIgniter.php(824): App\Controllers\Menu->tambah()
#10 G:\XAMPP\htdocs\majujayauas\system\CodeIgniter.php(410): CodeIgniter\CodeIgniter->runController(Object(App\Controllers\Menu))
#11 G:\XAMPP\htdocs\majujayauas\system\CodeIgniter.php(318): CodeIgniter\CodeIgniter->handleRequest(NULL, Object(Config\Cache), false)
#12 G:\XAMPP\htdocs\majujayauas\index.php(37): CodeIgniter\CodeIgniter->run()
#13 {main}
ERROR - 2025-01-19 01:25:59 --> Unknown column 'deskripsi' in 'field list'
CRITICAL - 2025-01-19 01:25:59 --> Unknown column 'deskripsi' in 'field list'
#0 G:\XAMPP\htdocs\majujayauas\system\Database\MySQLi\Connection.php(292): mysqli->query('INSERT INTO `me...', 0)
#1 G:\XAMPP\htdocs\majujayauas\system\Database\BaseConnection.php(670): CodeIgniter\Database\MySQLi\Connection->execute('INSERT INTO `me...')
#2 G:\XAMPP\htdocs\majujayauas\system\Database\BaseConnection.php(598): CodeIgniter\Database\BaseConnection->simpleQuery('INSERT INTO `me...')
#3 G:\XAMPP\htdocs\majujayauas\system\Database\BaseBuilder.php(1759): CodeIgniter\Database\BaseConnection->query('INSERT INTO `me...', Array, false)
#4 G:\XAMPP\htdocs\majujayauas\system\Model.php(239): CodeIgniter\Database\BaseBuilder->insert()
#5 G:\XAMPP\htdocs\majujayauas\system\BaseModel.php(738): CodeIgniter\Model->doInsert(Array)
#6 G:\XAMPP\htdocs\majujayauas\system\Model.php(620): CodeIgniter\BaseModel->insert(Array, false)
#7 G:\XAMPP\htdocs\majujayauas\system\BaseModel.php(658): CodeIgniter\Model->insert(Array, false)
#8 G:\XAMPP\htdocs\majujayauas\app\Controllers\Menu.php(37): CodeIgniter\BaseModel->save(Array)
#9 G:\XAMPP\htdocs\majujayauas\system\CodeIgniter.php(824): App\Controllers\Menu->tambah()
#10 G:\XAMPP\htdocs\majujayauas\system\CodeIgniter.php(410): CodeIgniter\CodeIgniter->runController(Object(App\Controllers\Menu))
#11 G:\XAMPP\htdocs\majujayauas\system\CodeIgniter.php(318): CodeIgniter\CodeIgniter->handleRequest(NULL, Object(Config\Cache), false)
#12 G:\XAMPP\htdocs\majujayauas\index.php(37): CodeIgniter\CodeIgniter->run()
#13 {main}
