CRITICAL - 2025-01-20 20:24:32 --> Class "App\Models\AntrianModel" not found
#0 C:\xampp\htdocs\majujayauas\system\CodeIgniter.php(801): App\Controllers\Dashboard->__construct()
#1 C:\xampp\htdocs\majujayauas\system\CodeIgniter.php(401): CodeIgniter\CodeIgniter->createController()
#2 C:\xampp\htdocs\majujayauas\system\CodeIgniter.php(318): CodeIgniter\CodeIgniter->handleRequest(NULL, Object(Config\Cache), false)
#3 C:\xampp\htdocs\majujayauas\index.php(37): CodeIgniter\CodeIgniter->run()
#4 {main}
CRITICAL - 2025-01-20 20:26:05 --> Class "App\Models\AntrianModel" not found
#0 C:\xampp\htdocs\majujayauas\system\CodeIgniter.php(801): App\Controllers\Dashboard->__construct()
#1 C:\xampp\htdocs\majujayauas\system\CodeIgniter.php(401): CodeIgniter\CodeIgniter->createController()
#2 C:\xampp\htdocs\majujayauas\system\CodeIgniter.php(318): CodeIgniter\CodeIgniter->handleRequest(NULL, Object(Config\Cache), false)
#3 C:\xampp\htdocs\majujayauas\index.php(37): CodeIgniter\CodeIgniter->run()
#4 {main}
CRITICAL - 2025-01-20 20:26:06 --> Class "App\Models\AntrianModel" not found
#0 C:\xampp\htdocs\majujayauas\system\CodeIgniter.php(801): App\Controllers\Dashboard->__construct()
#1 C:\xampp\htdocs\majujayauas\system\CodeIgniter.php(401): CodeIgniter\CodeIgniter->createController()
#2 C:\xampp\htdocs\majujayauas\system\CodeIgniter.php(318): CodeIgniter\CodeIgniter->handleRequest(NULL, Object(Config\Cache), false)
#3 C:\xampp\htdocs\majujayauas\index.php(37): CodeIgniter\CodeIgniter->run()
#4 {main}
CRITICAL - 2025-01-20 20:27:44 --> Class "App\Models\AntrianModel" not found
#0 C:\xampp\htdocs\majujayauas\system\CodeIgniter.php(801): App\Controllers\Dashboard->__construct()
#1 C:\xampp\htdocs\majujayauas\system\CodeIgniter.php(401): CodeIgniter\CodeIgniter->createController()
#2 C:\xampp\htdocs\majujayauas\system\CodeIgniter.php(318): CodeIgniter\CodeIgniter->handleRequest(NULL, Object(Config\Cache), false)
#3 C:\xampp\htdocs\majujayauas\index.php(37): CodeIgniter\CodeIgniter->run()
#4 {main}
CRITICAL - 2025-01-20 20:27:45 --> Class "App\Models\AntrianModel" not found
#0 C:\xampp\htdocs\majujayauas\system\CodeIgniter.php(801): App\Controllers\Dashboard->__construct()
#1 C:\xampp\htdocs\majujayauas\system\CodeIgniter.php(401): CodeIgniter\CodeIgniter->createController()
#2 C:\xampp\htdocs\majujayauas\system\CodeIgniter.php(318): CodeIgniter\CodeIgniter->handleRequest(NULL, Object(Config\Cache), false)
#3 C:\xampp\htdocs\majujayauas\index.php(37): CodeIgniter\CodeIgniter->run()
#4 {main}
CRITICAL - 2025-01-20 20:29:00 --> Class "App\Models\AntrianModel" not found
#0 C:\xampp\htdocs\majujayauas\system\CodeIgniter.php(801): App\Controllers\Dashboard->__construct()
#1 C:\xampp\htdocs\majujayauas\system\CodeIgniter.php(401): CodeIgniter\CodeIgniter->createController()
#2 C:\xampp\htdocs\majujayauas\system\CodeIgniter.php(318): CodeIgniter\CodeIgniter->handleRequest(NULL, Object(Config\Cache), false)
#3 C:\xampp\htdocs\majujayauas\index.php(37): CodeIgniter\CodeIgniter->run()
#4 {main}
CRITICAL - 2025-01-20 20:29:01 --> Class "App\Models\AntrianModel" not found
#0 C:\xampp\htdocs\majujayauas\system\CodeIgniter.php(801): App\Controllers\Dashboard->__construct()
#1 C:\xampp\htdocs\majujayauas\system\CodeIgniter.php(401): CodeIgniter\CodeIgniter->createController()
#2 C:\xampp\htdocs\majujayauas\system\CodeIgniter.php(318): CodeIgniter\CodeIgniter->handleRequest(NULL, Object(Config\Cache), false)
#3 C:\xampp\htdocs\majujayauas\index.php(37): CodeIgniter\CodeIgniter->run()
#4 {main}
