CRITICAL - 2023-05-30 22:59:18 --> Undefined variable $totalTime
#0 C:\xampp\htdocs\selvers\system\Debug\Toolbar\Views\toolbar.tpl.php(40): CodeIgniter\Debug\Exceptions->errorHandler(2, 'Undefined varia...', 'C:\\xampp\\htdocs...', 40)
#1 C:\xampp\htdocs\selvers\system\Debug\Toolbar.php(497): include('C:\\xampp\\htdocs...')
#2 C:\xampp\htdocs\selvers\system\Debug\Toolbar.php(460): CodeIgniter\Debug\Toolbar->format(Array, 'html')
#3 C:\xampp\htdocs\selvers\app\Config\Events.php(48): CodeIgniter\Debug\Toolbar->respond()
#4 C:\xampp\htdocs\selvers\system\Events\Events.php(149): CodeIgniter\Events\Events::Config\{closure}()
#5 C:\xampp\htdocs\selvers\system\CodeIgniter.php(300): CodeIgniter\Events\Events::trigger('pre_system')
#6 C:\xampp\htdocs\selvers\index.php(37): CodeIgniter\CodeIgniter->run()
#7 {main}
ERROR - 2023-05-30 23:14:06 --> Table 'mewwtwo.pembelian' doesn't exist
CRITICAL - 2023-05-30 23:14:06 --> Table 'mewwtwo.pembelian' doesn't exist
#0 C:\xampp\htdocs\selvers\system\Database\MySQLi\Connection.php(292): mysqli->query('SELECT *\nFROM `...', 0)
#1 C:\xampp\htdocs\selvers\system\Database\BaseConnection.php(670): CodeIgniter\Database\MySQLi\Connection->execute('SELECT *\nFROM `...')
#2 C:\xampp\htdocs\selvers\system\Database\BaseConnection.php(598): CodeIgniter\Database\BaseConnection->simpleQuery('SELECT *\nFROM `...')
#3 C:\xampp\htdocs\selvers\system\Database\BaseBuilder.php(1443): CodeIgniter\Database\BaseConnection->query('SELECT *\nFROM `...', Array, false)
#4 C:\xampp\htdocs\selvers\system\Model.php(183): CodeIgniter\Database\BaseBuilder->get()
#5 C:\xampp\htdocs\selvers\system\BaseModel.php(584): CodeIgniter\Model->doFindAll(0, 0)
#6 C:\xampp\htdocs\selvers\app\Controllers\Laporan.php(33): CodeIgniter\BaseModel->findAll()
#7 C:\xampp\htdocs\selvers\system\CodeIgniter.php(824): App\Controllers\Laporan->laporanSemua()
#8 C:\xampp\htdocs\selvers\system\CodeIgniter.php(410): CodeIgniter\CodeIgniter->runController(Object(App\Controllers\Laporan))
#9 C:\xampp\htdocs\selvers\system\CodeIgniter.php(318): CodeIgniter\CodeIgniter->handleRequest(NULL, Object(Config\Cache), false)
#10 C:\xampp\htdocs\selvers\index.php(37): CodeIgniter\CodeIgniter->run()
#11 {main}
