CRITICAL - 2023-05-01 12:55:23 --> Undefined variable $totalTime
#0 C:\xampp\htdocs\mewtwo\system\Debug\Toolbar\Views\toolbar.tpl.php(40): CodeIgniter\Debug\Exceptions->errorHandler(2, 'Undefined varia...', 'C:\\xampp\\htdocs...', 40)
#1 C:\xampp\htdocs\mewtwo\system\Debug\Toolbar.php(497): include('C:\\xampp\\htdocs...')
#2 C:\xampp\htdocs\mewtwo\system\Debug\Toolbar.php(460): CodeIgniter\Debug\Toolbar->format(Array, 'html')
#3 C:\xampp\htdocs\mewtwo\app\Config\Events.php(48): CodeIgniter\Debug\Toolbar->respond()
#4 C:\xampp\htdocs\mewtwo\system\Events\Events.php(149): CodeIgniter\Events\Events::Config\{closure}()
#5 C:\xampp\htdocs\mewtwo\system\CodeIgniter.php(300): CodeIgniter\Events\Events::trigger('pre_system')
#6 C:\xampp\htdocs\mewtwo\index.php(37): CodeIgniter\CodeIgniter->run()
#7 {main}
ERROR - 2023-05-01 12:56:12 --> Table 'mewwtwo.pembelian' doesn't exist
CRITICAL - 2023-05-01 12:56:12 --> Table 'mewwtwo.pembelian' doesn't exist
#0 C:\xampp\htdocs\mewtwo\system\Database\MySQLi\Connection.php(292): mysqli->query('SELECT *\nFROM `...', 0)
#1 C:\xampp\htdocs\mewtwo\system\Database\BaseConnection.php(670): CodeIgniter\Database\MySQLi\Connection->execute('SELECT *\nFROM `...')
#2 C:\xampp\htdocs\mewtwo\system\Database\BaseConnection.php(598): CodeIgniter\Database\BaseConnection->simpleQuery('SELECT *\nFROM `...')
#3 C:\xampp\htdocs\mewtwo\system\Database\BaseBuilder.php(1443): CodeIgniter\Database\BaseConnection->query('SELECT *\nFROM `...', Array, false)
#4 C:\xampp\htdocs\mewtwo\system\Model.php(183): CodeIgniter\Database\BaseBuilder->get()
#5 C:\xampp\htdocs\mewtwo\system\BaseModel.php(584): CodeIgniter\Model->doFindAll(0, 0)
#6 C:\xampp\htdocs\mewtwo\app\Controllers\Laporan.php(33): CodeIgniter\BaseModel->findAll()
#7 C:\xampp\htdocs\mewtwo\system\CodeIgniter.php(824): App\Controllers\Laporan->laporanSemua()
#8 C:\xampp\htdocs\mewtwo\system\CodeIgniter.php(410): CodeIgniter\CodeIgniter->runController(Object(App\Controllers\Laporan))
#9 C:\xampp\htdocs\mewtwo\system\CodeIgniter.php(318): CodeIgniter\CodeIgniter->handleRequest(NULL, Object(Config\Cache), false)
#10 C:\xampp\htdocs\mewtwo\index.php(37): CodeIgniter\CodeIgniter->run()
#11 {main}
ERROR - 2023-05-01 12:56:59 --> Table 'mewwtwo.pembelian' doesn't exist
CRITICAL - 2023-05-01 12:56:59 --> Table 'mewwtwo.pembelian' doesn't exist
#0 C:\xampp\htdocs\mewtwo\system\Database\MySQLi\Connection.php(292): mysqli->query('SELECT *\nFROM `...', 0)
#1 C:\xampp\htdocs\mewtwo\system\Database\BaseConnection.php(670): CodeIgniter\Database\MySQLi\Connection->execute('SELECT *\nFROM `...')
#2 C:\xampp\htdocs\mewtwo\system\Database\BaseConnection.php(598): CodeIgniter\Database\BaseConnection->simpleQuery('SELECT *\nFROM `...')
#3 C:\xampp\htdocs\mewtwo\system\Database\BaseBuilder.php(1443): CodeIgniter\Database\BaseConnection->query('SELECT *\nFROM `...', Array, false)
#4 C:\xampp\htdocs\mewtwo\system\Model.php(183): CodeIgniter\Database\BaseBuilder->get()
#5 C:\xampp\htdocs\mewtwo\system\BaseModel.php(584): CodeIgniter\Model->doFindAll(0, 0)
#6 C:\xampp\htdocs\mewtwo\app\Controllers\Laporan.php(33): CodeIgniter\BaseModel->findAll()
#7 C:\xampp\htdocs\mewtwo\system\CodeIgniter.php(824): App\Controllers\Laporan->laporanSemua()
#8 C:\xampp\htdocs\mewtwo\system\CodeIgniter.php(410): CodeIgniter\CodeIgniter->runController(Object(App\Controllers\Laporan))
#9 C:\xampp\htdocs\mewtwo\system\CodeIgniter.php(318): CodeIgniter\CodeIgniter->handleRequest(NULL, Object(Config\Cache), false)
#10 C:\xampp\htdocs\mewtwo\index.php(37): CodeIgniter\CodeIgniter->run()
#11 {main}
ERROR - 2023-05-01 13:09:28 --> Table 'mewwtwo.pembelian' doesn't exist
CRITICAL - 2023-05-01 13:09:28 --> Table 'mewwtwo.pembelian' doesn't exist
#0 C:\xampp\htdocs\mewtwo\system\Database\MySQLi\Connection.php(292): mysqli->query('SELECT *\nFROM `...', 0)
#1 C:\xampp\htdocs\mewtwo\system\Database\BaseConnection.php(670): CodeIgniter\Database\MySQLi\Connection->execute('SELECT *\nFROM `...')
#2 C:\xampp\htdocs\mewtwo\system\Database\BaseConnection.php(598): CodeIgniter\Database\BaseConnection->simpleQuery('SELECT *\nFROM `...')
#3 C:\xampp\htdocs\mewtwo\system\Database\BaseBuilder.php(1443): CodeIgniter\Database\BaseConnection->query('SELECT *\nFROM `...', Array, false)
#4 C:\xampp\htdocs\mewtwo\system\Model.php(183): CodeIgniter\Database\BaseBuilder->get()
#5 C:\xampp\htdocs\mewtwo\system\BaseModel.php(584): CodeIgniter\Model->doFindAll(0, 0)
#6 C:\xampp\htdocs\mewtwo\app\Controllers\Laporan.php(33): CodeIgniter\BaseModel->findAll()
#7 C:\xampp\htdocs\mewtwo\system\CodeIgniter.php(824): App\Controllers\Laporan->laporanSemua()
#8 C:\xampp\htdocs\mewtwo\system\CodeIgniter.php(410): CodeIgniter\CodeIgniter->runController(Object(App\Controllers\Laporan))
#9 C:\xampp\htdocs\mewtwo\system\CodeIgniter.php(318): CodeIgniter\CodeIgniter->handleRequest(NULL, Object(Config\Cache), false)
#10 C:\xampp\htdocs\mewtwo\index.php(37): CodeIgniter\CodeIgniter->run()
#11 {main}
ERROR - 2023-05-01 13:16:35 --> Error connecting to the database: Unknown database 'mewwto'
CRITICAL - 2023-05-01 13:16:35 --> Unable to connect to the database.
Main connection [MySQLi]: Unknown database 'mewwto'
#0 C:\xampp\htdocs\mewtwo\system\Database\BaseConnection.php(577): CodeIgniter\Database\BaseConnection->initialize()
#1 C:\xampp\htdocs\mewtwo\system\Database\BaseBuilder.php(1443): CodeIgniter\Database\BaseConnection->query('SELECT *\nFROM `...', Array, false)
#2 C:\xampp\htdocs\mewtwo\system\Model.php(183): CodeIgniter\Database\BaseBuilder->get()
#3 C:\xampp\htdocs\mewtwo\system\BaseModel.php(584): CodeIgniter\Model->doFindAll(0, 0)
#4 C:\xampp\htdocs\mewtwo\app\Controllers\Dashboard.php(24): CodeIgniter\BaseModel->findAll()
#5 C:\xampp\htdocs\mewtwo\system\CodeIgniter.php(824): App\Controllers\Dashboard->index()
#6 C:\xampp\htdocs\mewtwo\system\CodeIgniter.php(410): CodeIgniter\CodeIgniter->runController(Object(App\Controllers\Dashboard))
#7 C:\xampp\htdocs\mewtwo\system\CodeIgniter.php(318): CodeIgniter\CodeIgniter->handleRequest(NULL, Object(Config\Cache), false)
#8 C:\xampp\htdocs\mewtwo\index.php(37): CodeIgniter\CodeIgniter->run()
#9 {main}
ERROR - 2023-05-01 13:23:45 --> Table 'mewwtwo.pembelian' doesn't exist
CRITICAL - 2023-05-01 13:23:45 --> Table 'mewwtwo.pembelian' doesn't exist
#0 C:\xampp\htdocs\mewtwo\system\Database\MySQLi\Connection.php(292): mysqli->query('SELECT *\nFROM `...', 0)
#1 C:\xampp\htdocs\mewtwo\system\Database\BaseConnection.php(670): CodeIgniter\Database\MySQLi\Connection->execute('SELECT *\nFROM `...')
#2 C:\xampp\htdocs\mewtwo\system\Database\BaseConnection.php(598): CodeIgniter\Database\BaseConnection->simpleQuery('SELECT *\nFROM `...')
#3 C:\xampp\htdocs\mewtwo\system\Database\BaseBuilder.php(1443): CodeIgniter\Database\BaseConnection->query('SELECT *\nFROM `...', Array, false)
#4 C:\xampp\htdocs\mewtwo\system\Model.php(183): CodeIgniter\Database\BaseBuilder->get()
#5 C:\xampp\htdocs\mewtwo\system\BaseModel.php(584): CodeIgniter\Model->doFindAll(0, 0)
#6 C:\xampp\htdocs\mewtwo\app\Controllers\Laporan.php(33): CodeIgniter\BaseModel->findAll()
#7 C:\xampp\htdocs\mewtwo\system\CodeIgniter.php(824): App\Controllers\Laporan->laporanSemua()
#8 C:\xampp\htdocs\mewtwo\system\CodeIgniter.php(410): CodeIgniter\CodeIgniter->runController(Object(App\Controllers\Laporan))
#9 C:\xampp\htdocs\mewtwo\system\CodeIgniter.php(318): CodeIgniter\CodeIgniter->handleRequest(NULL, Object(Config\Cache), false)
#10 C:\xampp\htdocs\mewtwo\index.php(37): CodeIgniter\CodeIgniter->run()
#11 {main}
ERROR - 2023-05-01 13:23:50 --> Table 'mewwtwo.pembelian' doesn't exist
CRITICAL - 2023-05-01 13:23:50 --> Table 'mewwtwo.pembelian' doesn't exist
#0 C:\xampp\htdocs\mewtwo\system\Database\MySQLi\Connection.php(292): mysqli->query('SELECT *\nFROM `...', 0)
#1 C:\xampp\htdocs\mewtwo\system\Database\BaseConnection.php(670): CodeIgniter\Database\MySQLi\Connection->execute('SELECT *\nFROM `...')
#2 C:\xampp\htdocs\mewtwo\system\Database\BaseConnection.php(598): CodeIgniter\Database\BaseConnection->simpleQuery('SELECT *\nFROM `...')
#3 C:\xampp\htdocs\mewtwo\system\Database\BaseBuilder.php(1443): CodeIgniter\Database\BaseConnection->query('SELECT *\nFROM `...', Array, false)
#4 C:\xampp\htdocs\mewtwo\system\Model.php(183): CodeIgniter\Database\BaseBuilder->get()
#5 C:\xampp\htdocs\mewtwo\system\BaseModel.php(584): CodeIgniter\Model->doFindAll(0, 0)
#6 C:\xampp\htdocs\mewtwo\app\Controllers\Laporan.php(43): CodeIgniter\BaseModel->findAll()
#7 C:\xampp\htdocs\mewtwo\system\CodeIgniter.php(824): App\Controllers\Laporan->laporanMenu()
#8 C:\xampp\htdocs\mewtwo\system\CodeIgniter.php(410): CodeIgniter\CodeIgniter->runController(Object(App\Controllers\Laporan))
#9 C:\xampp\htdocs\mewtwo\system\CodeIgniter.php(318): CodeIgniter\CodeIgniter->handleRequest(NULL, Object(Config\Cache), false)
#10 C:\xampp\htdocs\mewtwo\index.php(37): CodeIgniter\CodeIgniter->run()
#11 {main}
ERROR - 2023-05-01 13:23:53 --> Table 'mewwtwo.pembelian' doesn't exist
CRITICAL - 2023-05-01 13:23:53 --> Table 'mewwtwo.pembelian' doesn't exist
#0 C:\xampp\htdocs\mewtwo\system\Database\MySQLi\Connection.php(292): mysqli->query('SELECT *\nFROM `...', 0)
#1 C:\xampp\htdocs\mewtwo\system\Database\BaseConnection.php(670): CodeIgniter\Database\MySQLi\Connection->execute('SELECT *\nFROM `...')
#2 C:\xampp\htdocs\mewtwo\system\Database\BaseConnection.php(598): CodeIgniter\Database\BaseConnection->simpleQuery('SELECT *\nFROM `...')
#3 C:\xampp\htdocs\mewtwo\system\Database\BaseBuilder.php(1443): CodeIgniter\Database\BaseConnection->query('SELECT *\nFROM `...', Array, false)
#4 C:\xampp\htdocs\mewtwo\system\Model.php(183): CodeIgniter\Database\BaseBuilder->get()
#5 C:\xampp\htdocs\mewtwo\system\BaseModel.php(584): CodeIgniter\Model->doFindAll(0, 0)
#6 C:\xampp\htdocs\mewtwo\app\Controllers\Laporan.php(73): CodeIgniter\BaseModel->findAll()
#7 C:\xampp\htdocs\mewtwo\system\CodeIgniter.php(824): App\Controllers\Laporan->laporanAntrian()
#8 C:\xampp\htdocs\mewtwo\system\CodeIgniter.php(410): CodeIgniter\CodeIgniter->runController(Object(App\Controllers\Laporan))
#9 C:\xampp\htdocs\mewtwo\system\CodeIgniter.php(318): CodeIgniter\CodeIgniter->handleRequest(NULL, Object(Config\Cache), false)
#10 C:\xampp\htdocs\mewtwo\index.php(37): CodeIgniter\CodeIgniter->run()
#11 {main}
ERROR - 2023-05-01 13:23:59 --> Table 'mewwtwo.pembelian' doesn't exist
CRITICAL - 2023-05-01 13:23:59 --> Table 'mewwtwo.pembelian' doesn't exist
#0 C:\xampp\htdocs\mewtwo\system\Database\MySQLi\Connection.php(292): mysqli->query('SELECT *\nFROM `...', 0)
#1 C:\xampp\htdocs\mewtwo\system\Database\BaseConnection.php(670): CodeIgniter\Database\MySQLi\Connection->execute('SELECT *\nFROM `...')
#2 C:\xampp\htdocs\mewtwo\system\Database\BaseConnection.php(598): CodeIgniter\Database\BaseConnection->simpleQuery('SELECT *\nFROM `...')
#3 C:\xampp\htdocs\mewtwo\system\Database\BaseBuilder.php(1443): CodeIgniter\Database\BaseConnection->query('SELECT *\nFROM `...', Array, false)
#4 C:\xampp\htdocs\mewtwo\system\Model.php(183): CodeIgniter\Database\BaseBuilder->get()
#5 C:\xampp\htdocs\mewtwo\system\BaseModel.php(584): CodeIgniter\Model->doFindAll(0, 0)
#6 C:\xampp\htdocs\mewtwo\app\Controllers\Laporan.php(33): CodeIgniter\BaseModel->findAll()
#7 C:\xampp\htdocs\mewtwo\system\CodeIgniter.php(824): App\Controllers\Laporan->laporanSemua()
#8 C:\xampp\htdocs\mewtwo\system\CodeIgniter.php(410): CodeIgniter\CodeIgniter->runController(Object(App\Controllers\Laporan))
#9 C:\xampp\htdocs\mewtwo\system\CodeIgniter.php(318): CodeIgniter\CodeIgniter->handleRequest(NULL, Object(Config\Cache), false)
#10 C:\xampp\htdocs\mewtwo\index.php(37): CodeIgniter\CodeIgniter->run()
#11 {main}
ERROR - 2023-05-01 13:24:07 --> Table 'mewwtwo.pembelian' doesn't exist
CRITICAL - 2023-05-01 13:24:07 --> Table 'mewwtwo.pembelian' doesn't exist
#0 C:\xampp\htdocs\mewtwo\system\Database\MySQLi\Connection.php(292): mysqli->query('SELECT *\nFROM `...', 0)
#1 C:\xampp\htdocs\mewtwo\system\Database\BaseConnection.php(670): CodeIgniter\Database\MySQLi\Connection->execute('SELECT *\nFROM `...')
#2 C:\xampp\htdocs\mewtwo\system\Database\BaseConnection.php(598): CodeIgniter\Database\BaseConnection->simpleQuery('SELECT *\nFROM `...')
#3 C:\xampp\htdocs\mewtwo\system\Database\BaseBuilder.php(1443): CodeIgniter\Database\BaseConnection->query('SELECT *\nFROM `...', Array, false)
#4 C:\xampp\htdocs\mewtwo\system\Model.php(183): CodeIgniter\Database\BaseBuilder->get()
#5 C:\xampp\htdocs\mewtwo\system\BaseModel.php(584): CodeIgniter\Model->doFindAll(0, 0)
#6 C:\xampp\htdocs\mewtwo\app\Controllers\Laporan.php(73): CodeIgniter\BaseModel->findAll()
#7 C:\xampp\htdocs\mewtwo\system\CodeIgniter.php(824): App\Controllers\Laporan->laporanAntrian()
#8 C:\xampp\htdocs\mewtwo\system\CodeIgniter.php(410): CodeIgniter\CodeIgniter->runController(Object(App\Controllers\Laporan))
#9 C:\xampp\htdocs\mewtwo\system\CodeIgniter.php(318): CodeIgniter\CodeIgniter->handleRequest(NULL, Object(Config\Cache), false)
#10 C:\xampp\htdocs\mewtwo\index.php(37): CodeIgniter\CodeIgniter->run()
#11 {main}
ERROR - 2023-05-01 13:24:09 --> Table 'mewwtwo.pembelian' doesn't exist
CRITICAL - 2023-05-01 13:24:09 --> Table 'mewwtwo.pembelian' doesn't exist
#0 C:\xampp\htdocs\mewtwo\system\Database\MySQLi\Connection.php(292): mysqli->query('SELECT *\nFROM `...', 0)
#1 C:\xampp\htdocs\mewtwo\system\Database\BaseConnection.php(670): CodeIgniter\Database\MySQLi\Connection->execute('SELECT *\nFROM `...')
#2 C:\xampp\htdocs\mewtwo\system\Database\BaseConnection.php(598): CodeIgniter\Database\BaseConnection->simpleQuery('SELECT *\nFROM `...')
#3 C:\xampp\htdocs\mewtwo\system\Database\BaseBuilder.php(1443): CodeIgniter\Database\BaseConnection->query('SELECT *\nFROM `...', Array, false)
#4 C:\xampp\htdocs\mewtwo\system\Model.php(183): CodeIgniter\Database\BaseBuilder->get()
#5 C:\xampp\htdocs\mewtwo\system\BaseModel.php(584): CodeIgniter\Model->doFindAll(0, 0)
#6 C:\xampp\htdocs\mewtwo\app\Controllers\Laporan.php(33): CodeIgniter\BaseModel->findAll()
#7 C:\xampp\htdocs\mewtwo\system\CodeIgniter.php(824): App\Controllers\Laporan->laporanSemua()
#8 C:\xampp\htdocs\mewtwo\system\CodeIgniter.php(410): CodeIgniter\CodeIgniter->runController(Object(App\Controllers\Laporan))
#9 C:\xampp\htdocs\mewtwo\system\CodeIgniter.php(318): CodeIgniter\CodeIgniter->handleRequest(NULL, Object(Config\Cache), false)
#10 C:\xampp\htdocs\mewtwo\index.php(37): CodeIgniter\CodeIgniter->run()
#11 {main}
ERROR - 2023-05-01 13:24:11 --> Table 'mewwtwo.pembelian' doesn't exist
CRITICAL - 2023-05-01 13:24:11 --> Table 'mewwtwo.pembelian' doesn't exist
#0 C:\xampp\htdocs\mewtwo\system\Database\MySQLi\Connection.php(292): mysqli->query('SELECT *\nFROM `...', 0)
#1 C:\xampp\htdocs\mewtwo\system\Database\BaseConnection.php(670): CodeIgniter\Database\MySQLi\Connection->execute('SELECT *\nFROM `...')
#2 C:\xampp\htdocs\mewtwo\system\Database\BaseConnection.php(598): CodeIgniter\Database\BaseConnection->simpleQuery('SELECT *\nFROM `...')
#3 C:\xampp\htdocs\mewtwo\system\Database\BaseBuilder.php(1443): CodeIgniter\Database\BaseConnection->query('SELECT *\nFROM `...', Array, false)
#4 C:\xampp\htdocs\mewtwo\system\Model.php(183): CodeIgniter\Database\BaseBuilder->get()
#5 C:\xampp\htdocs\mewtwo\system\BaseModel.php(584): CodeIgniter\Model->doFindAll(0, 0)
#6 C:\xampp\htdocs\mewtwo\app\Controllers\Laporan.php(43): CodeIgniter\BaseModel->findAll()
#7 C:\xampp\htdocs\mewtwo\system\CodeIgniter.php(824): App\Controllers\Laporan->laporanMenu()
#8 C:\xampp\htdocs\mewtwo\system\CodeIgniter.php(410): CodeIgniter\CodeIgniter->runController(Object(App\Controllers\Laporan))
#9 C:\xampp\htdocs\mewtwo\system\CodeIgniter.php(318): CodeIgniter\CodeIgniter->handleRequest(NULL, Object(Config\Cache), false)
#10 C:\xampp\htdocs\mewtwo\index.php(37): CodeIgniter\CodeIgniter->run()
#11 {main}
