CRITICAL - 2023-04-29 00:45:07 --> syntax error, unexpected end of file, expecting "elseif" or "else" or "endif"
#0 C:\xampp\htdocs\mewtwo\system\View\View.php(217): CodeIgniter\View\View->CodeIgniter\View\{closure}()
#1 C:\xampp\htdocs\mewtwo\system\Common.php(1097): CodeIgniter\View\View->render('dashboard', Array, true)
#2 C:\xampp\htdocs\mewtwo\app\Controllers\Dashboard.php(33): view('dashboard', Array)
#3 C:\xampp\htdocs\mewtwo\system\CodeIgniter.php(824): App\Controllers\Dashboard->index()
#4 C:\xampp\htdocs\mewtwo\system\CodeIgniter.php(410): CodeIgniter\CodeIgniter->runController(Object(App\Controllers\Dashboard))
#5 C:\xampp\htdocs\mewtwo\system\CodeIgniter.php(318): CodeIgniter\CodeIgniter->handleRequest(NULL, Object(Config\Cache), false)
#6 C:\xampp\htdocs\mewtwo\index.php(37): CodeIgniter\CodeIgniter->run()
#7 {main}
ERROR - 2023-04-29 14:53:12 --> Table 'cafein.user' doesn't exist
CRITICAL - 2023-04-29 14:53:12 --> Table 'cafein.user' doesn't exist
#0 C:\xampp\htdocs\mewtwo\system\Database\MySQLi\Connection.php(292): mysqli->query('SELECT *\nFROM `...', 0)
#1 C:\xampp\htdocs\mewtwo\system\Database\BaseConnection.php(670): CodeIgniter\Database\MySQLi\Connection->execute('SELECT *\nFROM `...')
#2 C:\xampp\htdocs\mewtwo\system\Database\BaseConnection.php(598): CodeIgniter\Database\BaseConnection->simpleQuery('SELECT *\nFROM `...')
#3 C:\xampp\htdocs\mewtwo\system\Database\BaseBuilder.php(1443): CodeIgniter\Database\BaseConnection->query('SELECT *\nFROM `...', Array, false)
#4 C:\xampp\htdocs\mewtwo\system\Model.php(210): CodeIgniter\Database\BaseBuilder->get()
#5 C:\xampp\htdocs\mewtwo\system\BaseModel.php(622): CodeIgniter\Model->doFirst()
#6 C:\xampp\htdocs\mewtwo\app\Controllers\Dashboard.php(66): CodeIgniter\BaseModel->first()
#7 C:\xampp\htdocs\mewtwo\system\CodeIgniter.php(824): App\Controllers\Dashboard->auth()
#8 C:\xampp\htdocs\mewtwo\system\CodeIgniter.php(410): CodeIgniter\CodeIgniter->runController(Object(App\Controllers\Dashboard))
#9 C:\xampp\htdocs\mewtwo\system\CodeIgniter.php(318): CodeIgniter\CodeIgniter->handleRequest(NULL, Object(Config\Cache), false)
#10 C:\xampp\htdocs\mewtwo\index.php(37): CodeIgniter\CodeIgniter->run()
#11 {main}
ERROR - 2023-04-29 14:53:18 --> Table 'cafein.user' doesn't exist
CRITICAL - 2023-04-29 14:53:18 --> Table 'cafein.user' doesn't exist
#0 C:\xampp\htdocs\mewtwo\system\Database\MySQLi\Connection.php(292): mysqli->query('SELECT *\nFROM `...', 0)
#1 C:\xampp\htdocs\mewtwo\system\Database\BaseConnection.php(670): CodeIgniter\Database\MySQLi\Connection->execute('SELECT *\nFROM `...')
#2 C:\xampp\htdocs\mewtwo\system\Database\BaseConnection.php(598): CodeIgniter\Database\BaseConnection->simpleQuery('SELECT *\nFROM `...')
#3 C:\xampp\htdocs\mewtwo\system\Database\BaseBuilder.php(1443): CodeIgniter\Database\BaseConnection->query('SELECT *\nFROM `...', Array, false)
#4 C:\xampp\htdocs\mewtwo\system\Model.php(210): CodeIgniter\Database\BaseBuilder->get()
#5 C:\xampp\htdocs\mewtwo\system\BaseModel.php(622): CodeIgniter\Model->doFirst()
#6 C:\xampp\htdocs\mewtwo\app\Controllers\Dashboard.php(66): CodeIgniter\BaseModel->first()
#7 C:\xampp\htdocs\mewtwo\system\CodeIgniter.php(824): App\Controllers\Dashboard->auth()
#8 C:\xampp\htdocs\mewtwo\system\CodeIgniter.php(410): CodeIgniter\CodeIgniter->runController(Object(App\Controllers\Dashboard))
#9 C:\xampp\htdocs\mewtwo\system\CodeIgniter.php(318): CodeIgniter\CodeIgniter->handleRequest(NULL, Object(Config\Cache), false)
#10 C:\xampp\htdocs\mewtwo\index.php(37): CodeIgniter\CodeIgniter->run()
#11 {main}
ERROR - 2023-04-29 14:53:19 --> Table 'cafein.user' doesn't exist
CRITICAL - 2023-04-29 14:53:19 --> Table 'cafein.user' doesn't exist
#0 C:\xampp\htdocs\mewtwo\system\Database\MySQLi\Connection.php(292): mysqli->query('SELECT *\nFROM `...', 0)
#1 C:\xampp\htdocs\mewtwo\system\Database\BaseConnection.php(670): CodeIgniter\Database\MySQLi\Connection->execute('SELECT *\nFROM `...')
#2 C:\xampp\htdocs\mewtwo\system\Database\BaseConnection.php(598): CodeIgniter\Database\BaseConnection->simpleQuery('SELECT *\nFROM `...')
#3 C:\xampp\htdocs\mewtwo\system\Database\BaseBuilder.php(1443): CodeIgniter\Database\BaseConnection->query('SELECT *\nFROM `...', Array, false)
#4 C:\xampp\htdocs\mewtwo\system\Model.php(210): CodeIgniter\Database\BaseBuilder->get()
#5 C:\xampp\htdocs\mewtwo\system\BaseModel.php(622): CodeIgniter\Model->doFirst()
#6 C:\xampp\htdocs\mewtwo\app\Controllers\Dashboard.php(66): CodeIgniter\BaseModel->first()
#7 C:\xampp\htdocs\mewtwo\system\CodeIgniter.php(824): App\Controllers\Dashboard->auth()
#8 C:\xampp\htdocs\mewtwo\system\CodeIgniter.php(410): CodeIgniter\CodeIgniter->runController(Object(App\Controllers\Dashboard))
#9 C:\xampp\htdocs\mewtwo\system\CodeIgniter.php(318): CodeIgniter\CodeIgniter->handleRequest(NULL, Object(Config\Cache), false)
#10 C:\xampp\htdocs\mewtwo\index.php(37): CodeIgniter\CodeIgniter->run()
#11 {main}
ERROR - 2023-04-29 14:53:25 --> Table 'cafein.user' doesn't exist
CRITICAL - 2023-04-29 14:53:25 --> Table 'cafein.user' doesn't exist
#0 C:\xampp\htdocs\mewtwo\system\Database\MySQLi\Connection.php(292): mysqli->query('SELECT *\nFROM `...', 0)
#1 C:\xampp\htdocs\mewtwo\system\Database\BaseConnection.php(670): CodeIgniter\Database\MySQLi\Connection->execute('SELECT *\nFROM `...')
#2 C:\xampp\htdocs\mewtwo\system\Database\BaseConnection.php(598): CodeIgniter\Database\BaseConnection->simpleQuery('SELECT *\nFROM `...')
#3 C:\xampp\htdocs\mewtwo\system\Database\BaseBuilder.php(1443): CodeIgniter\Database\BaseConnection->query('SELECT *\nFROM `...', Array, false)
#4 C:\xampp\htdocs\mewtwo\system\Model.php(183): CodeIgniter\Database\BaseBuilder->get()
#5 C:\xampp\htdocs\mewtwo\system\BaseModel.php(584): CodeIgniter\Model->doFindAll(0, 0)
#6 C:\xampp\htdocs\mewtwo\app\Controllers\Dashboard.php(24): CodeIgniter\BaseModel->findAll()
#7 C:\xampp\htdocs\mewtwo\system\CodeIgniter.php(824): App\Controllers\Dashboard->index()
#8 C:\xampp\htdocs\mewtwo\system\CodeIgniter.php(410): CodeIgniter\CodeIgniter->runController(Object(App\Controllers\Dashboard))
#9 C:\xampp\htdocs\mewtwo\system\CodeIgniter.php(318): CodeIgniter\CodeIgniter->handleRequest(NULL, Object(Config\Cache), false)
#10 C:\xampp\htdocs\mewtwo\index.php(37): CodeIgniter\CodeIgniter->run()
#11 {main}
ERROR - 2023-04-29 14:53:29 --> Table 'cafein.user' doesn't exist
CRITICAL - 2023-04-29 14:53:29 --> Table 'cafein.user' doesn't exist
#0 C:\xampp\htdocs\mewtwo\system\Database\MySQLi\Connection.php(292): mysqli->query('SELECT *\nFROM `...', 0)
#1 C:\xampp\htdocs\mewtwo\system\Database\BaseConnection.php(670): CodeIgniter\Database\MySQLi\Connection->execute('SELECT *\nFROM `...')
#2 C:\xampp\htdocs\mewtwo\system\Database\BaseConnection.php(598): CodeIgniter\Database\BaseConnection->simpleQuery('SELECT *\nFROM `...')
#3 C:\xampp\htdocs\mewtwo\system\Database\BaseBuilder.php(1443): CodeIgniter\Database\BaseConnection->query('SELECT *\nFROM `...', Array, false)
#4 C:\xampp\htdocs\mewtwo\system\Model.php(183): CodeIgniter\Database\BaseBuilder->get()
#5 C:\xampp\htdocs\mewtwo\system\BaseModel.php(584): CodeIgniter\Model->doFindAll(0, 0)
#6 C:\xampp\htdocs\mewtwo\app\Controllers\Dashboard.php(24): CodeIgniter\BaseModel->findAll()
#7 C:\xampp\htdocs\mewtwo\system\CodeIgniter.php(824): App\Controllers\Dashboard->index()
#8 C:\xampp\htdocs\mewtwo\system\CodeIgniter.php(410): CodeIgniter\CodeIgniter->runController(Object(App\Controllers\Dashboard))
#9 C:\xampp\htdocs\mewtwo\system\CodeIgniter.php(318): CodeIgniter\CodeIgniter->handleRequest(NULL, Object(Config\Cache), false)
#10 C:\xampp\htdocs\mewtwo\index.php(37): CodeIgniter\CodeIgniter->run()
#11 {main}
ERROR - 2023-04-29 14:53:58 --> Table 'cafein.user' doesn't exist
CRITICAL - 2023-04-29 14:53:58 --> Table 'cafein.user' doesn't exist
#0 C:\xampp\htdocs\mewtwo\system\Database\MySQLi\Connection.php(292): mysqli->query('SELECT *\nFROM `...', 0)
#1 C:\xampp\htdocs\mewtwo\system\Database\BaseConnection.php(670): CodeIgniter\Database\MySQLi\Connection->execute('SELECT *\nFROM `...')
#2 C:\xampp\htdocs\mewtwo\system\Database\BaseConnection.php(598): CodeIgniter\Database\BaseConnection->simpleQuery('SELECT *\nFROM `...')
#3 C:\xampp\htdocs\mewtwo\system\Database\BaseBuilder.php(1443): CodeIgniter\Database\BaseConnection->query('SELECT *\nFROM `...', Array, false)
#4 C:\xampp\htdocs\mewtwo\system\Model.php(183): CodeIgniter\Database\BaseBuilder->get()
#5 C:\xampp\htdocs\mewtwo\system\BaseModel.php(584): CodeIgniter\Model->doFindAll(0, 0)
#6 C:\xampp\htdocs\mewtwo\app\Controllers\Dashboard.php(24): CodeIgniter\BaseModel->findAll()
#7 C:\xampp\htdocs\mewtwo\system\CodeIgniter.php(824): App\Controllers\Dashboard->index()
#8 C:\xampp\htdocs\mewtwo\system\CodeIgniter.php(410): CodeIgniter\CodeIgniter->runController(Object(App\Controllers\Dashboard))
#9 C:\xampp\htdocs\mewtwo\system\CodeIgniter.php(318): CodeIgniter\CodeIgniter->handleRequest(NULL, Object(Config\Cache), false)
#10 C:\xampp\htdocs\mewtwo\index.php(37): CodeIgniter\CodeIgniter->run()
#11 {main}
ERROR - 2023-04-29 14:53:59 --> Table 'cafein.user' doesn't exist
CRITICAL - 2023-04-29 14:53:59 --> Table 'cafein.user' doesn't exist
#0 C:\xampp\htdocs\mewtwo\system\Database\MySQLi\Connection.php(292): mysqli->query('SELECT *\nFROM `...', 0)
#1 C:\xampp\htdocs\mewtwo\system\Database\BaseConnection.php(670): CodeIgniter\Database\MySQLi\Connection->execute('SELECT *\nFROM `...')
#2 C:\xampp\htdocs\mewtwo\system\Database\BaseConnection.php(598): CodeIgniter\Database\BaseConnection->simpleQuery('SELECT *\nFROM `...')
#3 C:\xampp\htdocs\mewtwo\system\Database\BaseBuilder.php(1443): CodeIgniter\Database\BaseConnection->query('SELECT *\nFROM `...', Array, false)
#4 C:\xampp\htdocs\mewtwo\system\Model.php(183): CodeIgniter\Database\BaseBuilder->get()
#5 C:\xampp\htdocs\mewtwo\system\BaseModel.php(584): CodeIgniter\Model->doFindAll(0, 0)
#6 C:\xampp\htdocs\mewtwo\app\Controllers\Dashboard.php(24): CodeIgniter\BaseModel->findAll()
#7 C:\xampp\htdocs\mewtwo\system\CodeIgniter.php(824): App\Controllers\Dashboard->index()
#8 C:\xampp\htdocs\mewtwo\system\CodeIgniter.php(410): CodeIgniter\CodeIgniter->runController(Object(App\Controllers\Dashboard))
#9 C:\xampp\htdocs\mewtwo\system\CodeIgniter.php(318): CodeIgniter\CodeIgniter->handleRequest(NULL, Object(Config\Cache), false)
#10 C:\xampp\htdocs\mewtwo\index.php(37): CodeIgniter\CodeIgniter->run()
#11 {main}
ERROR - 2023-04-29 14:54:01 --> Table 'cafein.user' doesn't exist
CRITICAL - 2023-04-29 14:54:01 --> Table 'cafein.user' doesn't exist
#0 C:\xampp\htdocs\mewtwo\system\Database\MySQLi\Connection.php(292): mysqli->query('SELECT *\nFROM `...', 0)
#1 C:\xampp\htdocs\mewtwo\system\Database\BaseConnection.php(670): CodeIgniter\Database\MySQLi\Connection->execute('SELECT *\nFROM `...')
#2 C:\xampp\htdocs\mewtwo\system\Database\BaseConnection.php(598): CodeIgniter\Database\BaseConnection->simpleQuery('SELECT *\nFROM `...')
#3 C:\xampp\htdocs\mewtwo\system\Database\BaseBuilder.php(1443): CodeIgniter\Database\BaseConnection->query('SELECT *\nFROM `...', Array, false)
#4 C:\xampp\htdocs\mewtwo\system\Model.php(183): CodeIgniter\Database\BaseBuilder->get()
#5 C:\xampp\htdocs\mewtwo\system\BaseModel.php(584): CodeIgniter\Model->doFindAll(0, 0)
#6 C:\xampp\htdocs\mewtwo\app\Controllers\Dashboard.php(24): CodeIgniter\BaseModel->findAll()
#7 C:\xampp\htdocs\mewtwo\system\CodeIgniter.php(824): App\Controllers\Dashboard->index()
#8 C:\xampp\htdocs\mewtwo\system\CodeIgniter.php(410): CodeIgniter\CodeIgniter->runController(Object(App\Controllers\Dashboard))
#9 C:\xampp\htdocs\mewtwo\system\CodeIgniter.php(318): CodeIgniter\CodeIgniter->handleRequest(NULL, Object(Config\Cache), false)
#10 C:\xampp\htdocs\mewtwo\index.php(37): CodeIgniter\CodeIgniter->run()
#11 {main}
ERROR - 2023-04-29 14:54:13 --> Table 'cafein.user' doesn't exist
CRITICAL - 2023-04-29 14:54:13 --> Table 'cafein.user' doesn't exist
#0 C:\xampp\htdocs\mewtwo\system\Database\MySQLi\Connection.php(292): mysqli->query('SELECT *\nFROM `...', 0)
#1 C:\xampp\htdocs\mewtwo\system\Database\BaseConnection.php(670): CodeIgniter\Database\MySQLi\Connection->execute('SELECT *\nFROM `...')
#2 C:\xampp\htdocs\mewtwo\system\Database\BaseConnection.php(598): CodeIgniter\Database\BaseConnection->simpleQuery('SELECT *\nFROM `...')
#3 C:\xampp\htdocs\mewtwo\system\Database\BaseBuilder.php(1443): CodeIgniter\Database\BaseConnection->query('SELECT *\nFROM `...', Array, false)
#4 C:\xampp\htdocs\mewtwo\system\Model.php(183): CodeIgniter\Database\BaseBuilder->get()
#5 C:\xampp\htdocs\mewtwo\system\BaseModel.php(584): CodeIgniter\Model->doFindAll(0, 0)
#6 C:\xampp\htdocs\mewtwo\app\Controllers\Dashboard.php(24): CodeIgniter\BaseModel->findAll()
#7 C:\xampp\htdocs\mewtwo\system\CodeIgniter.php(824): App\Controllers\Dashboard->index()
#8 C:\xampp\htdocs\mewtwo\system\CodeIgniter.php(410): CodeIgniter\CodeIgniter->runController(Object(App\Controllers\Dashboard))
#9 C:\xampp\htdocs\mewtwo\system\CodeIgniter.php(318): CodeIgniter\CodeIgniter->handleRequest(NULL, Object(Config\Cache), false)
#10 C:\xampp\htdocs\mewtwo\index.php(37): CodeIgniter\CodeIgniter->run()
#11 {main}
ERROR - 2023-04-29 14:55:42 --> Table 'cafein.user' doesn't exist
CRITICAL - 2023-04-29 14:55:42 --> Table 'cafein.user' doesn't exist
#0 C:\xampp\htdocs\mewtwo\system\Database\MySQLi\Connection.php(292): mysqli->query('SELECT *\nFROM `...', 0)
#1 C:\xampp\htdocs\mewtwo\system\Database\BaseConnection.php(670): CodeIgniter\Database\MySQLi\Connection->execute('SELECT *\nFROM `...')
#2 C:\xampp\htdocs\mewtwo\system\Database\BaseConnection.php(598): CodeIgniter\Database\BaseConnection->simpleQuery('SELECT *\nFROM `...')
#3 C:\xampp\htdocs\mewtwo\system\Database\BaseBuilder.php(1443): CodeIgniter\Database\BaseConnection->query('SELECT *\nFROM `...', Array, false)
#4 C:\xampp\htdocs\mewtwo\system\Model.php(183): CodeIgniter\Database\BaseBuilder->get()
#5 C:\xampp\htdocs\mewtwo\system\BaseModel.php(584): CodeIgniter\Model->doFindAll(0, 0)
#6 C:\xampp\htdocs\mewtwo\app\Controllers\Dashboard.php(24): CodeIgniter\BaseModel->findAll()
#7 C:\xampp\htdocs\mewtwo\system\CodeIgniter.php(824): App\Controllers\Dashboard->index()
#8 C:\xampp\htdocs\mewtwo\system\CodeIgniter.php(410): CodeIgniter\CodeIgniter->runController(Object(App\Controllers\Dashboard))
#9 C:\xampp\htdocs\mewtwo\system\CodeIgniter.php(318): CodeIgniter\CodeIgniter->handleRequest(NULL, Object(Config\Cache), false)
#10 C:\xampp\htdocs\mewtwo\index.php(37): CodeIgniter\CodeIgniter->run()
#11 {main}
ERROR - 2023-04-29 14:55:43 --> Table 'cafein.user' doesn't exist
CRITICAL - 2023-04-29 14:55:43 --> Table 'cafein.user' doesn't exist
#0 C:\xampp\htdocs\mewtwo\system\Database\MySQLi\Connection.php(292): mysqli->query('SELECT *\nFROM `...', 0)
#1 C:\xampp\htdocs\mewtwo\system\Database\BaseConnection.php(670): CodeIgniter\Database\MySQLi\Connection->execute('SELECT *\nFROM `...')
#2 C:\xampp\htdocs\mewtwo\system\Database\BaseConnection.php(598): CodeIgniter\Database\BaseConnection->simpleQuery('SELECT *\nFROM `...')
#3 C:\xampp\htdocs\mewtwo\system\Database\BaseBuilder.php(1443): CodeIgniter\Database\BaseConnection->query('SELECT *\nFROM `...', Array, false)
#4 C:\xampp\htdocs\mewtwo\system\Model.php(183): CodeIgniter\Database\BaseBuilder->get()
#5 C:\xampp\htdocs\mewtwo\system\BaseModel.php(584): CodeIgniter\Model->doFindAll(0, 0)
#6 C:\xampp\htdocs\mewtwo\app\Controllers\Dashboard.php(24): CodeIgniter\BaseModel->findAll()
#7 C:\xampp\htdocs\mewtwo\system\CodeIgniter.php(824): App\Controllers\Dashboard->index()
#8 C:\xampp\htdocs\mewtwo\system\CodeIgniter.php(410): CodeIgniter\CodeIgniter->runController(Object(App\Controllers\Dashboard))
#9 C:\xampp\htdocs\mewtwo\system\CodeIgniter.php(318): CodeIgniter\CodeIgniter->handleRequest(NULL, Object(Config\Cache), false)
#10 C:\xampp\htdocs\mewtwo\index.php(37): CodeIgniter\CodeIgniter->run()
#11 {main}
ERROR - 2023-04-29 14:55:43 --> Table 'cafein.user' doesn't exist
CRITICAL - 2023-04-29 14:55:43 --> Table 'cafein.user' doesn't exist
#0 C:\xampp\htdocs\mewtwo\system\Database\MySQLi\Connection.php(292): mysqli->query('SELECT *\nFROM `...', 0)
#1 C:\xampp\htdocs\mewtwo\system\Database\BaseConnection.php(670): CodeIgniter\Database\MySQLi\Connection->execute('SELECT *\nFROM `...')
#2 C:\xampp\htdocs\mewtwo\system\Database\BaseConnection.php(598): CodeIgniter\Database\BaseConnection->simpleQuery('SELECT *\nFROM `...')
#3 C:\xampp\htdocs\mewtwo\system\Database\BaseBuilder.php(1443): CodeIgniter\Database\BaseConnection->query('SELECT *\nFROM `...', Array, false)
#4 C:\xampp\htdocs\mewtwo\system\Model.php(183): CodeIgniter\Database\BaseBuilder->get()
#5 C:\xampp\htdocs\mewtwo\system\BaseModel.php(584): CodeIgniter\Model->doFindAll(0, 0)
#6 C:\xampp\htdocs\mewtwo\app\Controllers\Dashboard.php(24): CodeIgniter\BaseModel->findAll()
#7 C:\xampp\htdocs\mewtwo\system\CodeIgniter.php(824): App\Controllers\Dashboard->index()
#8 C:\xampp\htdocs\mewtwo\system\CodeIgniter.php(410): CodeIgniter\CodeIgniter->runController(Object(App\Controllers\Dashboard))
#9 C:\xampp\htdocs\mewtwo\system\CodeIgniter.php(318): CodeIgniter\CodeIgniter->handleRequest(NULL, Object(Config\Cache), false)
#10 C:\xampp\htdocs\mewtwo\index.php(37): CodeIgniter\CodeIgniter->run()
#11 {main}
ERROR - 2023-04-29 14:57:08 --> Table 'cafein.user' doesn't exist
CRITICAL - 2023-04-29 14:57:08 --> Table 'cafein.user' doesn't exist
#0 C:\xampp\htdocs\mewtwo\system\Database\MySQLi\Connection.php(292): mysqli->query('SELECT *\nFROM `...', 0)
#1 C:\xampp\htdocs\mewtwo\system\Database\BaseConnection.php(670): CodeIgniter\Database\MySQLi\Connection->execute('SELECT *\nFROM `...')
#2 C:\xampp\htdocs\mewtwo\system\Database\BaseConnection.php(598): CodeIgniter\Database\BaseConnection->simpleQuery('SELECT *\nFROM `...')
#3 C:\xampp\htdocs\mewtwo\system\Database\BaseBuilder.php(1443): CodeIgniter\Database\BaseConnection->query('SELECT *\nFROM `...', Array, false)
#4 C:\xampp\htdocs\mewtwo\system\Model.php(183): CodeIgniter\Database\BaseBuilder->get()
#5 C:\xampp\htdocs\mewtwo\system\BaseModel.php(584): CodeIgniter\Model->doFindAll(0, 0)
#6 C:\xampp\htdocs\mewtwo\app\Controllers\Dashboard.php(24): CodeIgniter\BaseModel->findAll()
#7 C:\xampp\htdocs\mewtwo\system\CodeIgniter.php(824): App\Controllers\Dashboard->index()
#8 C:\xampp\htdocs\mewtwo\system\CodeIgniter.php(410): CodeIgniter\CodeIgniter->runController(Object(App\Controllers\Dashboard))
#9 C:\xampp\htdocs\mewtwo\system\CodeIgniter.php(318): CodeIgniter\CodeIgniter->handleRequest(NULL, Object(Config\Cache), false)
#10 C:\xampp\htdocs\mewtwo\index.php(37): CodeIgniter\CodeIgniter->run()
#11 {main}
ERROR - 2023-04-29 14:57:09 --> Table 'cafein.user' doesn't exist
CRITICAL - 2023-04-29 14:57:09 --> Table 'cafein.user' doesn't exist
#0 C:\xampp\htdocs\mewtwo\system\Database\MySQLi\Connection.php(292): mysqli->query('SELECT *\nFROM `...', 0)
#1 C:\xampp\htdocs\mewtwo\system\Database\BaseConnection.php(670): CodeIgniter\Database\MySQLi\Connection->execute('SELECT *\nFROM `...')
#2 C:\xampp\htdocs\mewtwo\system\Database\BaseConnection.php(598): CodeIgniter\Database\BaseConnection->simpleQuery('SELECT *\nFROM `...')
#3 C:\xampp\htdocs\mewtwo\system\Database\BaseBuilder.php(1443): CodeIgniter\Database\BaseConnection->query('SELECT *\nFROM `...', Array, false)
#4 C:\xampp\htdocs\mewtwo\system\Model.php(183): CodeIgniter\Database\BaseBuilder->get()
#5 C:\xampp\htdocs\mewtwo\system\BaseModel.php(584): CodeIgniter\Model->doFindAll(0, 0)
#6 C:\xampp\htdocs\mewtwo\app\Controllers\Dashboard.php(24): CodeIgniter\BaseModel->findAll()
#7 C:\xampp\htdocs\mewtwo\system\CodeIgniter.php(824): App\Controllers\Dashboard->index()
#8 C:\xampp\htdocs\mewtwo\system\CodeIgniter.php(410): CodeIgniter\CodeIgniter->runController(Object(App\Controllers\Dashboard))
#9 C:\xampp\htdocs\mewtwo\system\CodeIgniter.php(318): CodeIgniter\CodeIgniter->handleRequest(NULL, Object(Config\Cache), false)
#10 C:\xampp\htdocs\mewtwo\index.php(37): CodeIgniter\CodeIgniter->run()
#11 {main}
ERROR - 2023-04-29 14:58:34 --> Table 'cafein.user' doesn't exist
CRITICAL - 2023-04-29 14:58:34 --> Table 'cafein.user' doesn't exist
#0 C:\xampp\htdocs\mewtwo\system\Database\MySQLi\Connection.php(292): mysqli->query('SELECT *\nFROM `...', 0)
#1 C:\xampp\htdocs\mewtwo\system\Database\BaseConnection.php(670): CodeIgniter\Database\MySQLi\Connection->execute('SELECT *\nFROM `...')
#2 C:\xampp\htdocs\mewtwo\system\Database\BaseConnection.php(598): CodeIgniter\Database\BaseConnection->simpleQuery('SELECT *\nFROM `...')
#3 C:\xampp\htdocs\mewtwo\system\Database\BaseBuilder.php(1443): CodeIgniter\Database\BaseConnection->query('SELECT *\nFROM `...', Array, false)
#4 C:\xampp\htdocs\mewtwo\system\Model.php(183): CodeIgniter\Database\BaseBuilder->get()
#5 C:\xampp\htdocs\mewtwo\system\BaseModel.php(584): CodeIgniter\Model->doFindAll(0, 0)
#6 C:\xampp\htdocs\mewtwo\app\Controllers\Dashboard.php(24): CodeIgniter\BaseModel->findAll()
#7 C:\xampp\htdocs\mewtwo\system\CodeIgniter.php(824): App\Controllers\Dashboard->index()
#8 C:\xampp\htdocs\mewtwo\system\CodeIgniter.php(410): CodeIgniter\CodeIgniter->runController(Object(App\Controllers\Dashboard))
#9 C:\xampp\htdocs\mewtwo\system\CodeIgniter.php(318): CodeIgniter\CodeIgniter->handleRequest(NULL, Object(Config\Cache), false)
#10 C:\xampp\htdocs\mewtwo\index.php(37): CodeIgniter\CodeIgniter->run()
#11 {main}
ERROR - 2023-04-29 15:02:06 --> Table 'cafein.user' doesn't exist
CRITICAL - 2023-04-29 15:02:06 --> Table 'cafein.user' doesn't exist
#0 C:\xampp\htdocs\mewtwo\system\Database\MySQLi\Connection.php(292): mysqli->query('SELECT *\nFROM `...', 0)
#1 C:\xampp\htdocs\mewtwo\system\Database\BaseConnection.php(670): CodeIgniter\Database\MySQLi\Connection->execute('SELECT *\nFROM `...')
#2 C:\xampp\htdocs\mewtwo\system\Database\BaseConnection.php(598): CodeIgniter\Database\BaseConnection->simpleQuery('SELECT *\nFROM `...')
#3 C:\xampp\htdocs\mewtwo\system\Database\BaseBuilder.php(1443): CodeIgniter\Database\BaseConnection->query('SELECT *\nFROM `...', Array, false)
#4 C:\xampp\htdocs\mewtwo\system\Model.php(183): CodeIgniter\Database\BaseBuilder->get()
#5 C:\xampp\htdocs\mewtwo\system\BaseModel.php(584): CodeIgniter\Model->doFindAll(0, 0)
#6 C:\xampp\htdocs\mewtwo\app\Controllers\Dashboard.php(24): CodeIgniter\BaseModel->findAll()
#7 C:\xampp\htdocs\mewtwo\system\CodeIgniter.php(824): App\Controllers\Dashboard->index()
#8 C:\xampp\htdocs\mewtwo\system\CodeIgniter.php(410): CodeIgniter\CodeIgniter->runController(Object(App\Controllers\Dashboard))
#9 C:\xampp\htdocs\mewtwo\system\CodeIgniter.php(318): CodeIgniter\CodeIgniter->handleRequest(NULL, Object(Config\Cache), false)
#10 C:\xampp\htdocs\mewtwo\index.php(37): CodeIgniter\CodeIgniter->run()
#11 {main}
ERROR - 2023-04-29 15:09:21 --> Table 'cafein.user' doesn't exist
CRITICAL - 2023-04-29 15:09:21 --> Table 'cafein.user' doesn't exist
#0 C:\xampp\htdocs\mewtwo\system\Database\MySQLi\Connection.php(292): mysqli->query('SELECT *\nFROM `...', 0)
#1 C:\xampp\htdocs\mewtwo\system\Database\BaseConnection.php(670): CodeIgniter\Database\MySQLi\Connection->execute('SELECT *\nFROM `...')
#2 C:\xampp\htdocs\mewtwo\system\Database\BaseConnection.php(598): CodeIgniter\Database\BaseConnection->simpleQuery('SELECT *\nFROM `...')
#3 C:\xampp\htdocs\mewtwo\system\Database\BaseBuilder.php(1443): CodeIgniter\Database\BaseConnection->query('SELECT *\nFROM `...', Array, false)
#4 C:\xampp\htdocs\mewtwo\system\Model.php(183): CodeIgniter\Database\BaseBuilder->get()
#5 C:\xampp\htdocs\mewtwo\system\BaseModel.php(584): CodeIgniter\Model->doFindAll(0, 0)
#6 C:\xampp\htdocs\mewtwo\app\Controllers\Dashboard.php(24): CodeIgniter\BaseModel->findAll()
#7 C:\xampp\htdocs\mewtwo\system\CodeIgniter.php(824): App\Controllers\Dashboard->index()
#8 C:\xampp\htdocs\mewtwo\system\CodeIgniter.php(410): CodeIgniter\CodeIgniter->runController(Object(App\Controllers\Dashboard))
#9 C:\xampp\htdocs\mewtwo\system\CodeIgniter.php(318): CodeIgniter\CodeIgniter->handleRequest(NULL, Object(Config\Cache), false)
#10 C:\xampp\htdocs\mewtwo\index.php(37): CodeIgniter\CodeIgniter->run()
#11 {main}
ERROR - 2023-04-29 15:18:36 --> Table 'cafein.user' doesn't exist
CRITICAL - 2023-04-29 15:18:36 --> Table 'cafein.user' doesn't exist
#0 C:\xampp\htdocs\mewtwo\system\Database\MySQLi\Connection.php(292): mysqli->query('SELECT *\nFROM `...', 0)
#1 C:\xampp\htdocs\mewtwo\system\Database\BaseConnection.php(670): CodeIgniter\Database\MySQLi\Connection->execute('SELECT *\nFROM `...')
#2 C:\xampp\htdocs\mewtwo\system\Database\BaseConnection.php(598): CodeIgniter\Database\BaseConnection->simpleQuery('SELECT *\nFROM `...')
#3 C:\xampp\htdocs\mewtwo\system\Database\BaseBuilder.php(1443): CodeIgniter\Database\BaseConnection->query('SELECT *\nFROM `...', Array, false)
#4 C:\xampp\htdocs\mewtwo\system\Model.php(183): CodeIgniter\Database\BaseBuilder->get()
#5 C:\xampp\htdocs\mewtwo\system\BaseModel.php(584): CodeIgniter\Model->doFindAll(0, 0)
#6 C:\xampp\htdocs\mewtwo\app\Controllers\Dashboard.php(24): CodeIgniter\BaseModel->findAll()
#7 C:\xampp\htdocs\mewtwo\system\CodeIgniter.php(824): App\Controllers\Dashboard->index()
#8 C:\xampp\htdocs\mewtwo\system\CodeIgniter.php(410): CodeIgniter\CodeIgniter->runController(Object(App\Controllers\Dashboard))
#9 C:\xampp\htdocs\mewtwo\system\CodeIgniter.php(318): CodeIgniter\CodeIgniter->handleRequest(NULL, Object(Config\Cache), false)
#10 C:\xampp\htdocs\mewtwo\index.php(37): CodeIgniter\CodeIgniter->run()
#11 {main}
ERROR - 2023-04-29 15:21:20 --> Error connecting to the database: Unknown database 'cafein'
CRITICAL - 2023-04-29 15:21:20 --> Unable to connect to the database.
Main connection [MySQLi]: Unknown database 'cafein'
#0 C:\xampp\htdocs\mewtwo\system\Database\BaseConnection.php(577): CodeIgniter\Database\BaseConnection->initialize()
#1 C:\xampp\htdocs\mewtwo\system\Database\BaseBuilder.php(1443): CodeIgniter\Database\BaseConnection->query('SELECT *\nFROM `...', Array, false)
#2 C:\xampp\htdocs\mewtwo\system\Model.php(183): CodeIgniter\Database\BaseBuilder->get()
#3 C:\xampp\htdocs\mewtwo\system\BaseModel.php(584): CodeIgniter\Model->doFindAll(0, 0)
#4 C:\xampp\htdocs\mewtwo\app\Controllers\Dashboard.php(24): CodeIgniter\BaseModel->findAll()
#5 C:\xampp\htdocs\mewtwo\system\CodeIgniter.php(824): App\Controllers\Dashboard->index()
#6 C:\xampp\htdocs\mewtwo\system\CodeIgniter.php(410): CodeIgniter\CodeIgniter->runController(Object(App\Controllers\Dashboard))
#7 C:\xampp\htdocs\mewtwo\system\CodeIgniter.php(318): CodeIgniter\CodeIgniter->handleRequest(NULL, Object(Config\Cache), false)
#8 C:\xampp\htdocs\mewtwo\index.php(37): CodeIgniter\CodeIgniter->run()
#9 {main}
ERROR - 2023-04-29 15:21:28 --> Error connecting to the database: Unknown database 'cafein'
CRITICAL - 2023-04-29 15:21:28 --> Unable to connect to the database.
Main connection [MySQLi]: Unknown database 'cafein'
#0 C:\xampp\htdocs\mewtwo\system\Database\BaseConnection.php(577): CodeIgniter\Database\BaseConnection->initialize()
#1 C:\xampp\htdocs\mewtwo\system\Database\BaseBuilder.php(1443): CodeIgniter\Database\BaseConnection->query('SELECT *\nFROM `...', Array, false)
#2 C:\xampp\htdocs\mewtwo\system\Model.php(183): CodeIgniter\Database\BaseBuilder->get()
#3 C:\xampp\htdocs\mewtwo\system\BaseModel.php(584): CodeIgniter\Model->doFindAll(0, 0)
#4 C:\xampp\htdocs\mewtwo\app\Controllers\Dashboard.php(24): CodeIgniter\BaseModel->findAll()
#5 C:\xampp\htdocs\mewtwo\system\CodeIgniter.php(824): App\Controllers\Dashboard->index()
#6 C:\xampp\htdocs\mewtwo\system\CodeIgniter.php(410): CodeIgniter\CodeIgniter->runController(Object(App\Controllers\Dashboard))
#7 C:\xampp\htdocs\mewtwo\system\CodeIgniter.php(318): CodeIgniter\CodeIgniter->handleRequest(NULL, Object(Config\Cache), false)
#8 C:\xampp\htdocs\mewtwo\index.php(37): CodeIgniter\CodeIgniter->run()
#9 {main}
