ERROR - 2023-06-25 09:08:20 --> Column 'nama' cannot be null
CRITICAL - 2023-06-25 09:08:20 --> Column 'nama' cannot be null
#0 C:\xampp\htdocs\selvers\system\Database\MySQLi\Connection.php(292): mysqli->query('INSERT INTO `an...', 0)
#1 C:\xampp\htdocs\selvers\system\Database\BaseConnection.php(670): CodeIgniter\Database\MySQLi\Connection->execute('INSERT INTO `an...')
#2 C:\xampp\htdocs\selvers\system\Database\BaseConnection.php(598): CodeIgniter\Database\BaseConnection->simpleQuery('INSERT INTO `an...')
#3 C:\xampp\htdocs\selvers\system\Database\BaseBuilder.php(1759): CodeIgniter\Database\BaseConnection->query('INSERT INTO `an...', Array, false)
#4 C:\xampp\htdocs\selvers\system\Model.php(239): CodeIgniter\Database\BaseBuilder->insert()
#5 C:\xampp\htdocs\selvers\system\BaseModel.php(738): CodeIgniter\Model->doInsert(Array)
#6 C:\xampp\htdocs\selvers\system\Model.php(620): CodeIgniter\BaseModel->insert(Array, true)
#7 C:\xampp\htdocs\selvers\app\Controllers\Dashboard.php(48): CodeIgniter\Model->insert(Array)
#8 C:\xampp\htdocs\selvers\system\CodeIgniter.php(824): App\Controllers\Dashboard->tambahPesanan()
#9 C:\xampp\htdocs\selvers\system\CodeIgniter.php(410): CodeIgniter\CodeIgniter->runController(Object(App\Controllers\Dashboard))
#10 C:\xampp\htdocs\selvers\system\CodeIgniter.php(318): CodeIgniter\CodeIgniter->handleRequest(NULL, Object(Config\Cache), false)
#11 C:\xampp\htdocs\selvers\index.php(37): CodeIgniter\CodeIgniter->run()
#12 {main}
ERROR - 2023-06-25 09:08:31 --> Column 'nama' cannot be null
CRITICAL - 2023-06-25 09:08:31 --> Column 'nama' cannot be null
#0 C:\xampp\htdocs\selvers\system\Database\MySQLi\Connection.php(292): mysqli->query('INSERT INTO `an...', 0)
#1 C:\xampp\htdocs\selvers\system\Database\BaseConnection.php(670): CodeIgniter\Database\MySQLi\Connection->execute('INSERT INTO `an...')
#2 C:\xampp\htdocs\selvers\system\Database\BaseConnection.php(598): CodeIgniter\Database\BaseConnection->simpleQuery('INSERT INTO `an...')
#3 C:\xampp\htdocs\selvers\system\Database\BaseBuilder.php(1759): CodeIgniter\Database\BaseConnection->query('INSERT INTO `an...', Array, false)
#4 C:\xampp\htdocs\selvers\system\Model.php(239): CodeIgniter\Database\BaseBuilder->insert()
#5 C:\xampp\htdocs\selvers\system\BaseModel.php(738): CodeIgniter\Model->doInsert(Array)
#6 C:\xampp\htdocs\selvers\system\Model.php(620): CodeIgniter\BaseModel->insert(Array, true)
#7 C:\xampp\htdocs\selvers\app\Controllers\Dashboard.php(48): CodeIgniter\Model->insert(Array)
#8 C:\xampp\htdocs\selvers\system\CodeIgniter.php(824): App\Controllers\Dashboard->tambahPesanan()
#9 C:\xampp\htdocs\selvers\system\CodeIgniter.php(410): CodeIgniter\CodeIgniter->runController(Object(App\Controllers\Dashboard))
#10 C:\xampp\htdocs\selvers\system\CodeIgniter.php(318): CodeIgniter\CodeIgniter->handleRequest(NULL, Object(Config\Cache), false)
#11 C:\xampp\htdocs\selvers\index.php(37): CodeIgniter\CodeIgniter->run()
#12 {main}
ERROR - 2023-06-25 09:08:39 --> Column 'nama' cannot be null
CRITICAL - 2023-06-25 09:08:39 --> Column 'nama' cannot be null
#0 C:\xampp\htdocs\selvers\system\Database\MySQLi\Connection.php(292): mysqli->query('INSERT INTO `an...', 0)
#1 C:\xampp\htdocs\selvers\system\Database\BaseConnection.php(670): CodeIgniter\Database\MySQLi\Connection->execute('INSERT INTO `an...')
#2 C:\xampp\htdocs\selvers\system\Database\BaseConnection.php(598): CodeIgniter\Database\BaseConnection->simpleQuery('INSERT INTO `an...')
#3 C:\xampp\htdocs\selvers\system\Database\BaseBuilder.php(1759): CodeIgniter\Database\BaseConnection->query('INSERT INTO `an...', Array, false)
#4 C:\xampp\htdocs\selvers\system\Model.php(239): CodeIgniter\Database\BaseBuilder->insert()
#5 C:\xampp\htdocs\selvers\system\BaseModel.php(738): CodeIgniter\Model->doInsert(Array)
#6 C:\xampp\htdocs\selvers\system\Model.php(620): CodeIgniter\BaseModel->insert(Array, true)
#7 C:\xampp\htdocs\selvers\app\Controllers\Dashboard.php(48): CodeIgniter\Model->insert(Array)
#8 C:\xampp\htdocs\selvers\system\CodeIgniter.php(824): App\Controllers\Dashboard->tambahPesanan()
#9 C:\xampp\htdocs\selvers\system\CodeIgniter.php(410): CodeIgniter\CodeIgniter->runController(Object(App\Controllers\Dashboard))
#10 C:\xampp\htdocs\selvers\system\CodeIgniter.php(318): CodeIgniter\CodeIgniter->handleRequest(NULL, Object(Config\Cache), false)
#11 C:\xampp\htdocs\selvers\index.php(37): CodeIgniter\CodeIgniter->run()
#12 {main}
ERROR - 2023-06-25 09:08:40 --> Column 'nama' cannot be null
CRITICAL - 2023-06-25 09:08:40 --> Column 'nama' cannot be null
#0 C:\xampp\htdocs\selvers\system\Database\MySQLi\Connection.php(292): mysqli->query('INSERT INTO `an...', 0)
#1 C:\xampp\htdocs\selvers\system\Database\BaseConnection.php(670): CodeIgniter\Database\MySQLi\Connection->execute('INSERT INTO `an...')
#2 C:\xampp\htdocs\selvers\system\Database\BaseConnection.php(598): CodeIgniter\Database\BaseConnection->simpleQuery('INSERT INTO `an...')
#3 C:\xampp\htdocs\selvers\system\Database\BaseBuilder.php(1759): CodeIgniter\Database\BaseConnection->query('INSERT INTO `an...', Array, false)
#4 C:\xampp\htdocs\selvers\system\Model.php(239): CodeIgniter\Database\BaseBuilder->insert()
#5 C:\xampp\htdocs\selvers\system\BaseModel.php(738): CodeIgniter\Model->doInsert(Array)
#6 C:\xampp\htdocs\selvers\system\Model.php(620): CodeIgniter\BaseModel->insert(Array, true)
#7 C:\xampp\htdocs\selvers\app\Controllers\Dashboard.php(48): CodeIgniter\Model->insert(Array)
#8 C:\xampp\htdocs\selvers\system\CodeIgniter.php(824): App\Controllers\Dashboard->tambahPesanan()
#9 C:\xampp\htdocs\selvers\system\CodeIgniter.php(410): CodeIgniter\CodeIgniter->runController(Object(App\Controllers\Dashboard))
#10 C:\xampp\htdocs\selvers\system\CodeIgniter.php(318): CodeIgniter\CodeIgniter->handleRequest(NULL, Object(Config\Cache), false)
#11 C:\xampp\htdocs\selvers\index.php(37): CodeIgniter\CodeIgniter->run()
#12 {main}
ERROR - 2023-06-25 09:08:40 --> Column 'nama' cannot be null
CRITICAL - 2023-06-25 09:08:40 --> Column 'nama' cannot be null
#0 C:\xampp\htdocs\selvers\system\Database\MySQLi\Connection.php(292): mysqli->query('INSERT INTO `an...', 0)
#1 C:\xampp\htdocs\selvers\system\Database\BaseConnection.php(670): CodeIgniter\Database\MySQLi\Connection->execute('INSERT INTO `an...')
#2 C:\xampp\htdocs\selvers\system\Database\BaseConnection.php(598): CodeIgniter\Database\BaseConnection->simpleQuery('INSERT INTO `an...')
#3 C:\xampp\htdocs\selvers\system\Database\BaseBuilder.php(1759): CodeIgniter\Database\BaseConnection->query('INSERT INTO `an...', Array, false)
#4 C:\xampp\htdocs\selvers\system\Model.php(239): CodeIgniter\Database\BaseBuilder->insert()
#5 C:\xampp\htdocs\selvers\system\BaseModel.php(738): CodeIgniter\Model->doInsert(Array)
#6 C:\xampp\htdocs\selvers\system\Model.php(620): CodeIgniter\BaseModel->insert(Array, true)
#7 C:\xampp\htdocs\selvers\app\Controllers\Dashboard.php(48): CodeIgniter\Model->insert(Array)
#8 C:\xampp\htdocs\selvers\system\CodeIgniter.php(824): App\Controllers\Dashboard->tambahPesanan()
#9 C:\xampp\htdocs\selvers\system\CodeIgniter.php(410): CodeIgniter\CodeIgniter->runController(Object(App\Controllers\Dashboard))
#10 C:\xampp\htdocs\selvers\system\CodeIgniter.php(318): CodeIgniter\CodeIgniter->handleRequest(NULL, Object(Config\Cache), false)
#11 C:\xampp\htdocs\selvers\index.php(37): CodeIgniter\CodeIgniter->run()
#12 {main}
ERROR - 2023-06-25 09:08:40 --> Column 'nama' cannot be null
CRITICAL - 2023-06-25 09:08:40 --> Column 'nama' cannot be null
#0 C:\xampp\htdocs\selvers\system\Database\MySQLi\Connection.php(292): mysqli->query('INSERT INTO `an...', 0)
#1 C:\xampp\htdocs\selvers\system\Database\BaseConnection.php(670): CodeIgniter\Database\MySQLi\Connection->execute('INSERT INTO `an...')
#2 C:\xampp\htdocs\selvers\system\Database\BaseConnection.php(598): CodeIgniter\Database\BaseConnection->simpleQuery('INSERT INTO `an...')
#3 C:\xampp\htdocs\selvers\system\Database\BaseBuilder.php(1759): CodeIgniter\Database\BaseConnection->query('INSERT INTO `an...', Array, false)
#4 C:\xampp\htdocs\selvers\system\Model.php(239): CodeIgniter\Database\BaseBuilder->insert()
#5 C:\xampp\htdocs\selvers\system\BaseModel.php(738): CodeIgniter\Model->doInsert(Array)
#6 C:\xampp\htdocs\selvers\system\Model.php(620): CodeIgniter\BaseModel->insert(Array, true)
#7 C:\xampp\htdocs\selvers\app\Controllers\Dashboard.php(48): CodeIgniter\Model->insert(Array)
#8 C:\xampp\htdocs\selvers\system\CodeIgniter.php(824): App\Controllers\Dashboard->tambahPesanan()
#9 C:\xampp\htdocs\selvers\system\CodeIgniter.php(410): CodeIgniter\CodeIgniter->runController(Object(App\Controllers\Dashboard))
#10 C:\xampp\htdocs\selvers\system\CodeIgniter.php(318): CodeIgniter\CodeIgniter->handleRequest(NULL, Object(Config\Cache), false)
#11 C:\xampp\htdocs\selvers\index.php(37): CodeIgniter\CodeIgniter->run()
#12 {main}
ERROR - 2023-06-25 09:08:40 --> Column 'nama' cannot be null
CRITICAL - 2023-06-25 09:08:40 --> Column 'nama' cannot be null
#0 C:\xampp\htdocs\selvers\system\Database\MySQLi\Connection.php(292): mysqli->query('INSERT INTO `an...', 0)
#1 C:\xampp\htdocs\selvers\system\Database\BaseConnection.php(670): CodeIgniter\Database\MySQLi\Connection->execute('INSERT INTO `an...')
#2 C:\xampp\htdocs\selvers\system\Database\BaseConnection.php(598): CodeIgniter\Database\BaseConnection->simpleQuery('INSERT INTO `an...')
#3 C:\xampp\htdocs\selvers\system\Database\BaseBuilder.php(1759): CodeIgniter\Database\BaseConnection->query('INSERT INTO `an...', Array, false)
#4 C:\xampp\htdocs\selvers\system\Model.php(239): CodeIgniter\Database\BaseBuilder->insert()
#5 C:\xampp\htdocs\selvers\system\BaseModel.php(738): CodeIgniter\Model->doInsert(Array)
#6 C:\xampp\htdocs\selvers\system\Model.php(620): CodeIgniter\BaseModel->insert(Array, true)
#7 C:\xampp\htdocs\selvers\app\Controllers\Dashboard.php(48): CodeIgniter\Model->insert(Array)
#8 C:\xampp\htdocs\selvers\system\CodeIgniter.php(824): App\Controllers\Dashboard->tambahPesanan()
#9 C:\xampp\htdocs\selvers\system\CodeIgniter.php(410): CodeIgniter\CodeIgniter->runController(Object(App\Controllers\Dashboard))
#10 C:\xampp\htdocs\selvers\system\CodeIgniter.php(318): CodeIgniter\CodeIgniter->handleRequest(NULL, Object(Config\Cache), false)
#11 C:\xampp\htdocs\selvers\index.php(37): CodeIgniter\CodeIgniter->run()
#12 {main}
ERROR - 2023-06-25 09:08:41 --> Column 'nama' cannot be null
CRITICAL - 2023-06-25 09:08:41 --> Column 'nama' cannot be null
#0 C:\xampp\htdocs\selvers\system\Database\MySQLi\Connection.php(292): mysqli->query('INSERT INTO `an...', 0)
#1 C:\xampp\htdocs\selvers\system\Database\BaseConnection.php(670): CodeIgniter\Database\MySQLi\Connection->execute('INSERT INTO `an...')
#2 C:\xampp\htdocs\selvers\system\Database\BaseConnection.php(598): CodeIgniter\Database\BaseConnection->simpleQuery('INSERT INTO `an...')
#3 C:\xampp\htdocs\selvers\system\Database\BaseBuilder.php(1759): CodeIgniter\Database\BaseConnection->query('INSERT INTO `an...', Array, false)
#4 C:\xampp\htdocs\selvers\system\Model.php(239): CodeIgniter\Database\BaseBuilder->insert()
#5 C:\xampp\htdocs\selvers\system\BaseModel.php(738): CodeIgniter\Model->doInsert(Array)
#6 C:\xampp\htdocs\selvers\system\Model.php(620): CodeIgniter\BaseModel->insert(Array, true)
#7 C:\xampp\htdocs\selvers\app\Controllers\Dashboard.php(48): CodeIgniter\Model->insert(Array)
#8 C:\xampp\htdocs\selvers\system\CodeIgniter.php(824): App\Controllers\Dashboard->tambahPesanan()
#9 C:\xampp\htdocs\selvers\system\CodeIgniter.php(410): CodeIgniter\CodeIgniter->runController(Object(App\Controllers\Dashboard))
#10 C:\xampp\htdocs\selvers\system\CodeIgniter.php(318): CodeIgniter\CodeIgniter->handleRequest(NULL, Object(Config\Cache), false)
#11 C:\xampp\htdocs\selvers\index.php(37): CodeIgniter\CodeIgniter->run()
#12 {main}
ERROR - 2023-06-25 09:08:41 --> Column 'nama' cannot be null
CRITICAL - 2023-06-25 09:08:41 --> Column 'nama' cannot be null
#0 C:\xampp\htdocs\selvers\system\Database\MySQLi\Connection.php(292): mysqli->query('INSERT INTO `an...', 0)
#1 C:\xampp\htdocs\selvers\system\Database\BaseConnection.php(670): CodeIgniter\Database\MySQLi\Connection->execute('INSERT INTO `an...')
#2 C:\xampp\htdocs\selvers\system\Database\BaseConnection.php(598): CodeIgniter\Database\BaseConnection->simpleQuery('INSERT INTO `an...')
#3 C:\xampp\htdocs\selvers\system\Database\BaseBuilder.php(1759): CodeIgniter\Database\BaseConnection->query('INSERT INTO `an...', Array, false)
#4 C:\xampp\htdocs\selvers\system\Model.php(239): CodeIgniter\Database\BaseBuilder->insert()
#5 C:\xampp\htdocs\selvers\system\BaseModel.php(738): CodeIgniter\Model->doInsert(Array)
#6 C:\xampp\htdocs\selvers\system\Model.php(620): CodeIgniter\BaseModel->insert(Array, true)
#7 C:\xampp\htdocs\selvers\app\Controllers\Dashboard.php(48): CodeIgniter\Model->insert(Array)
#8 C:\xampp\htdocs\selvers\system\CodeIgniter.php(824): App\Controllers\Dashboard->tambahPesanan()
#9 C:\xampp\htdocs\selvers\system\CodeIgniter.php(410): CodeIgniter\CodeIgniter->runController(Object(App\Controllers\Dashboard))
#10 C:\xampp\htdocs\selvers\system\CodeIgniter.php(318): CodeIgniter\CodeIgniter->handleRequest(NULL, Object(Config\Cache), false)
#11 C:\xampp\htdocs\selvers\index.php(37): CodeIgniter\CodeIgniter->run()
#12 {main}
ERROR - 2023-06-25 09:08:41 --> Column 'nama' cannot be null
CRITICAL - 2023-06-25 09:08:41 --> Column 'nama' cannot be null
#0 C:\xampp\htdocs\selvers\system\Database\MySQLi\Connection.php(292): mysqli->query('INSERT INTO `an...', 0)
#1 C:\xampp\htdocs\selvers\system\Database\BaseConnection.php(670): CodeIgniter\Database\MySQLi\Connection->execute('INSERT INTO `an...')
#2 C:\xampp\htdocs\selvers\system\Database\BaseConnection.php(598): CodeIgniter\Database\BaseConnection->simpleQuery('INSERT INTO `an...')
#3 C:\xampp\htdocs\selvers\system\Database\BaseBuilder.php(1759): CodeIgniter\Database\BaseConnection->query('INSERT INTO `an...', Array, false)
#4 C:\xampp\htdocs\selvers\system\Model.php(239): CodeIgniter\Database\BaseBuilder->insert()
#5 C:\xampp\htdocs\selvers\system\BaseModel.php(738): CodeIgniter\Model->doInsert(Array)
#6 C:\xampp\htdocs\selvers\system\Model.php(620): CodeIgniter\BaseModel->insert(Array, true)
#7 C:\xampp\htdocs\selvers\app\Controllers\Dashboard.php(48): CodeIgniter\Model->insert(Array)
#8 C:\xampp\htdocs\selvers\system\CodeIgniter.php(824): App\Controllers\Dashboard->tambahPesanan()
#9 C:\xampp\htdocs\selvers\system\CodeIgniter.php(410): CodeIgniter\CodeIgniter->runController(Object(App\Controllers\Dashboard))
#10 C:\xampp\htdocs\selvers\system\CodeIgniter.php(318): CodeIgniter\CodeIgniter->handleRequest(NULL, Object(Config\Cache), false)
#11 C:\xampp\htdocs\selvers\index.php(37): CodeIgniter\CodeIgniter->run()
#12 {main}
ERROR - 2023-06-25 09:08:41 --> Column 'nama' cannot be null
CRITICAL - 2023-06-25 09:08:41 --> Column 'nama' cannot be null
#0 C:\xampp\htdocs\selvers\system\Database\MySQLi\Connection.php(292): mysqli->query('INSERT INTO `an...', 0)
#1 C:\xampp\htdocs\selvers\system\Database\BaseConnection.php(670): CodeIgniter\Database\MySQLi\Connection->execute('INSERT INTO `an...')
#2 C:\xampp\htdocs\selvers\system\Database\BaseConnection.php(598): CodeIgniter\Database\BaseConnection->simpleQuery('INSERT INTO `an...')
#3 C:\xampp\htdocs\selvers\system\Database\BaseBuilder.php(1759): CodeIgniter\Database\BaseConnection->query('INSERT INTO `an...', Array, false)
#4 C:\xampp\htdocs\selvers\system\Model.php(239): CodeIgniter\Database\BaseBuilder->insert()
#5 C:\xampp\htdocs\selvers\system\BaseModel.php(738): CodeIgniter\Model->doInsert(Array)
#6 C:\xampp\htdocs\selvers\system\Model.php(620): CodeIgniter\BaseModel->insert(Array, true)
#7 C:\xampp\htdocs\selvers\app\Controllers\Dashboard.php(48): CodeIgniter\Model->insert(Array)
#8 C:\xampp\htdocs\selvers\system\CodeIgniter.php(824): App\Controllers\Dashboard->tambahPesanan()
#9 C:\xampp\htdocs\selvers\system\CodeIgniter.php(410): CodeIgniter\CodeIgniter->runController(Object(App\Controllers\Dashboard))
#10 C:\xampp\htdocs\selvers\system\CodeIgniter.php(318): CodeIgniter\CodeIgniter->handleRequest(NULL, Object(Config\Cache), false)
#11 C:\xampp\htdocs\selvers\index.php(37): CodeIgniter\CodeIgniter->run()
#12 {main}
ERROR - 2023-06-25 09:08:41 --> Column 'nama' cannot be null
CRITICAL - 2023-06-25 09:08:41 --> Column 'nama' cannot be null
#0 C:\xampp\htdocs\selvers\system\Database\MySQLi\Connection.php(292): mysqli->query('INSERT INTO `an...', 0)
#1 C:\xampp\htdocs\selvers\system\Database\BaseConnection.php(670): CodeIgniter\Database\MySQLi\Connection->execute('INSERT INTO `an...')
#2 C:\xampp\htdocs\selvers\system\Database\BaseConnection.php(598): CodeIgniter\Database\BaseConnection->simpleQuery('INSERT INTO `an...')
#3 C:\xampp\htdocs\selvers\system\Database\BaseBuilder.php(1759): CodeIgniter\Database\BaseConnection->query('INSERT INTO `an...', Array, false)
#4 C:\xampp\htdocs\selvers\system\Model.php(239): CodeIgniter\Database\BaseBuilder->insert()
#5 C:\xampp\htdocs\selvers\system\BaseModel.php(738): CodeIgniter\Model->doInsert(Array)
#6 C:\xampp\htdocs\selvers\system\Model.php(620): CodeIgniter\BaseModel->insert(Array, true)
#7 C:\xampp\htdocs\selvers\app\Controllers\Dashboard.php(48): CodeIgniter\Model->insert(Array)
#8 C:\xampp\htdocs\selvers\system\CodeIgniter.php(824): App\Controllers\Dashboard->tambahPesanan()
#9 C:\xampp\htdocs\selvers\system\CodeIgniter.php(410): CodeIgniter\CodeIgniter->runController(Object(App\Controllers\Dashboard))
#10 C:\xampp\htdocs\selvers\system\CodeIgniter.php(318): CodeIgniter\CodeIgniter->handleRequest(NULL, Object(Config\Cache), false)
#11 C:\xampp\htdocs\selvers\index.php(37): CodeIgniter\CodeIgniter->run()
#12 {main}
ERROR - 2023-06-25 09:08:41 --> Column 'nama' cannot be null
CRITICAL - 2023-06-25 09:08:41 --> Column 'nama' cannot be null
#0 C:\xampp\htdocs\selvers\system\Database\MySQLi\Connection.php(292): mysqli->query('INSERT INTO `an...', 0)
#1 C:\xampp\htdocs\selvers\system\Database\BaseConnection.php(670): CodeIgniter\Database\MySQLi\Connection->execute('INSERT INTO `an...')
#2 C:\xampp\htdocs\selvers\system\Database\BaseConnection.php(598): CodeIgniter\Database\BaseConnection->simpleQuery('INSERT INTO `an...')
#3 C:\xampp\htdocs\selvers\system\Database\BaseBuilder.php(1759): CodeIgniter\Database\BaseConnection->query('INSERT INTO `an...', Array, false)
#4 C:\xampp\htdocs\selvers\system\Model.php(239): CodeIgniter\Database\BaseBuilder->insert()
#5 C:\xampp\htdocs\selvers\system\BaseModel.php(738): CodeIgniter\Model->doInsert(Array)
#6 C:\xampp\htdocs\selvers\system\Model.php(620): CodeIgniter\BaseModel->insert(Array, true)
#7 C:\xampp\htdocs\selvers\app\Controllers\Dashboard.php(48): CodeIgniter\Model->insert(Array)
#8 C:\xampp\htdocs\selvers\system\CodeIgniter.php(824): App\Controllers\Dashboard->tambahPesanan()
#9 C:\xampp\htdocs\selvers\system\CodeIgniter.php(410): CodeIgniter\CodeIgniter->runController(Object(App\Controllers\Dashboard))
#10 C:\xampp\htdocs\selvers\system\CodeIgniter.php(318): CodeIgniter\CodeIgniter->handleRequest(NULL, Object(Config\Cache), false)
#11 C:\xampp\htdocs\selvers\index.php(37): CodeIgniter\CodeIgniter->run()
#12 {main}
ERROR - 2023-06-25 09:08:42 --> Column 'nama' cannot be null
CRITICAL - 2023-06-25 09:08:42 --> Column 'nama' cannot be null
#0 C:\xampp\htdocs\selvers\system\Database\MySQLi\Connection.php(292): mysqli->query('INSERT INTO `an...', 0)
#1 C:\xampp\htdocs\selvers\system\Database\BaseConnection.php(670): CodeIgniter\Database\MySQLi\Connection->execute('INSERT INTO `an...')
#2 C:\xampp\htdocs\selvers\system\Database\BaseConnection.php(598): CodeIgniter\Database\BaseConnection->simpleQuery('INSERT INTO `an...')
#3 C:\xampp\htdocs\selvers\system\Database\BaseBuilder.php(1759): CodeIgniter\Database\BaseConnection->query('INSERT INTO `an...', Array, false)
#4 C:\xampp\htdocs\selvers\system\Model.php(239): CodeIgniter\Database\BaseBuilder->insert()
#5 C:\xampp\htdocs\selvers\system\BaseModel.php(738): CodeIgniter\Model->doInsert(Array)
#6 C:\xampp\htdocs\selvers\system\Model.php(620): CodeIgniter\BaseModel->insert(Array, true)
#7 C:\xampp\htdocs\selvers\app\Controllers\Dashboard.php(48): CodeIgniter\Model->insert(Array)
#8 C:\xampp\htdocs\selvers\system\CodeIgniter.php(824): App\Controllers\Dashboard->tambahPesanan()
#9 C:\xampp\htdocs\selvers\system\CodeIgniter.php(410): CodeIgniter\CodeIgniter->runController(Object(App\Controllers\Dashboard))
#10 C:\xampp\htdocs\selvers\system\CodeIgniter.php(318): CodeIgniter\CodeIgniter->handleRequest(NULL, Object(Config\Cache), false)
#11 C:\xampp\htdocs\selvers\index.php(37): CodeIgniter\CodeIgniter->run()
#12 {main}
ERROR - 2023-06-25 09:08:42 --> Column 'nama' cannot be null
CRITICAL - 2023-06-25 09:08:42 --> Column 'nama' cannot be null
#0 C:\xampp\htdocs\selvers\system\Database\MySQLi\Connection.php(292): mysqli->query('INSERT INTO `an...', 0)
#1 C:\xampp\htdocs\selvers\system\Database\BaseConnection.php(670): CodeIgniter\Database\MySQLi\Connection->execute('INSERT INTO `an...')
#2 C:\xampp\htdocs\selvers\system\Database\BaseConnection.php(598): CodeIgniter\Database\BaseConnection->simpleQuery('INSERT INTO `an...')
#3 C:\xampp\htdocs\selvers\system\Database\BaseBuilder.php(1759): CodeIgniter\Database\BaseConnection->query('INSERT INTO `an...', Array, false)
#4 C:\xampp\htdocs\selvers\system\Model.php(239): CodeIgniter\Database\BaseBuilder->insert()
#5 C:\xampp\htdocs\selvers\system\BaseModel.php(738): CodeIgniter\Model->doInsert(Array)
#6 C:\xampp\htdocs\selvers\system\Model.php(620): CodeIgniter\BaseModel->insert(Array, true)
#7 C:\xampp\htdocs\selvers\app\Controllers\Dashboard.php(48): CodeIgniter\Model->insert(Array)
#8 C:\xampp\htdocs\selvers\system\CodeIgniter.php(824): App\Controllers\Dashboard->tambahPesanan()
#9 C:\xampp\htdocs\selvers\system\CodeIgniter.php(410): CodeIgniter\CodeIgniter->runController(Object(App\Controllers\Dashboard))
#10 C:\xampp\htdocs\selvers\system\CodeIgniter.php(318): CodeIgniter\CodeIgniter->handleRequest(NULL, Object(Config\Cache), false)
#11 C:\xampp\htdocs\selvers\index.php(37): CodeIgniter\CodeIgniter->run()
#12 {main}
ERROR - 2023-06-25 09:08:44 --> Column 'nama' cannot be null
CRITICAL - 2023-06-25 09:08:44 --> Column 'nama' cannot be null
#0 C:\xampp\htdocs\selvers\system\Database\MySQLi\Connection.php(292): mysqli->query('INSERT INTO `an...', 0)
#1 C:\xampp\htdocs\selvers\system\Database\BaseConnection.php(670): CodeIgniter\Database\MySQLi\Connection->execute('INSERT INTO `an...')
#2 C:\xampp\htdocs\selvers\system\Database\BaseConnection.php(598): CodeIgniter\Database\BaseConnection->simpleQuery('INSERT INTO `an...')
#3 C:\xampp\htdocs\selvers\system\Database\BaseBuilder.php(1759): CodeIgniter\Database\BaseConnection->query('INSERT INTO `an...', Array, false)
#4 C:\xampp\htdocs\selvers\system\Model.php(239): CodeIgniter\Database\BaseBuilder->insert()
#5 C:\xampp\htdocs\selvers\system\BaseModel.php(738): CodeIgniter\Model->doInsert(Array)
#6 C:\xampp\htdocs\selvers\system\Model.php(620): CodeIgniter\BaseModel->insert(Array, true)
#7 C:\xampp\htdocs\selvers\app\Controllers\Dashboard.php(48): CodeIgniter\Model->insert(Array)
#8 C:\xampp\htdocs\selvers\system\CodeIgniter.php(824): App\Controllers\Dashboard->tambahPesanan()
#9 C:\xampp\htdocs\selvers\system\CodeIgniter.php(410): CodeIgniter\CodeIgniter->runController(Object(App\Controllers\Dashboard))
#10 C:\xampp\htdocs\selvers\system\CodeIgniter.php(318): CodeIgniter\CodeIgniter->handleRequest(NULL, Object(Config\Cache), false)
#11 C:\xampp\htdocs\selvers\index.php(37): CodeIgniter\CodeIgniter->run()
#12 {main}
ERROR - 2023-06-25 09:08:44 --> Column 'nama' cannot be null
CRITICAL - 2023-06-25 09:08:44 --> Column 'nama' cannot be null
#0 C:\xampp\htdocs\selvers\system\Database\MySQLi\Connection.php(292): mysqli->query('INSERT INTO `an...', 0)
#1 C:\xampp\htdocs\selvers\system\Database\BaseConnection.php(670): CodeIgniter\Database\MySQLi\Connection->execute('INSERT INTO `an...')
#2 C:\xampp\htdocs\selvers\system\Database\BaseConnection.php(598): CodeIgniter\Database\BaseConnection->simpleQuery('INSERT INTO `an...')
#3 C:\xampp\htdocs\selvers\system\Database\BaseBuilder.php(1759): CodeIgniter\Database\BaseConnection->query('INSERT INTO `an...', Array, false)
#4 C:\xampp\htdocs\selvers\system\Model.php(239): CodeIgniter\Database\BaseBuilder->insert()
#5 C:\xampp\htdocs\selvers\system\BaseModel.php(738): CodeIgniter\Model->doInsert(Array)
#6 C:\xampp\htdocs\selvers\system\Model.php(620): CodeIgniter\BaseModel->insert(Array, true)
#7 C:\xampp\htdocs\selvers\app\Controllers\Dashboard.php(48): CodeIgniter\Model->insert(Array)
#8 C:\xampp\htdocs\selvers\system\CodeIgniter.php(824): App\Controllers\Dashboard->tambahPesanan()
#9 C:\xampp\htdocs\selvers\system\CodeIgniter.php(410): CodeIgniter\CodeIgniter->runController(Object(App\Controllers\Dashboard))
#10 C:\xampp\htdocs\selvers\system\CodeIgniter.php(318): CodeIgniter\CodeIgniter->handleRequest(NULL, Object(Config\Cache), false)
#11 C:\xampp\htdocs\selvers\index.php(37): CodeIgniter\CodeIgniter->run()
#12 {main}
ERROR - 2023-06-25 09:10:51 --> Column 'nama' cannot be null
CRITICAL - 2023-06-25 09:10:51 --> Column 'nama' cannot be null
#0 C:\xampp\htdocs\selvers\system\Database\MySQLi\Connection.php(292): mysqli->query('INSERT INTO `an...', 0)
#1 C:\xampp\htdocs\selvers\system\Database\BaseConnection.php(670): CodeIgniter\Database\MySQLi\Connection->execute('INSERT INTO `an...')
#2 C:\xampp\htdocs\selvers\system\Database\BaseConnection.php(598): CodeIgniter\Database\BaseConnection->simpleQuery('INSERT INTO `an...')
#3 C:\xampp\htdocs\selvers\system\Database\BaseBuilder.php(1759): CodeIgniter\Database\BaseConnection->query('INSERT INTO `an...', Array, false)
#4 C:\xampp\htdocs\selvers\system\Model.php(239): CodeIgniter\Database\BaseBuilder->insert()
#5 C:\xampp\htdocs\selvers\system\BaseModel.php(738): CodeIgniter\Model->doInsert(Array)
#6 C:\xampp\htdocs\selvers\system\Model.php(620): CodeIgniter\BaseModel->insert(Array, true)
#7 C:\xampp\htdocs\selvers\app\Controllers\Dashboard.php(48): CodeIgniter\Model->insert(Array)
#8 C:\xampp\htdocs\selvers\system\CodeIgniter.php(824): App\Controllers\Dashboard->tambahPesanan()
#9 C:\xampp\htdocs\selvers\system\CodeIgniter.php(410): CodeIgniter\CodeIgniter->runController(Object(App\Controllers\Dashboard))
#10 C:\xampp\htdocs\selvers\system\CodeIgniter.php(318): CodeIgniter\CodeIgniter->handleRequest(NULL, Object(Config\Cache), false)
#11 C:\xampp\htdocs\selvers\index.php(37): CodeIgniter\CodeIgniter->run()
#12 {main}
ERROR - 2023-06-25 09:12:02 --> Column 'nama' cannot be null
CRITICAL - 2023-06-25 09:12:02 --> Column 'nama' cannot be null
#0 C:\xampp\htdocs\selvers\system\Database\MySQLi\Connection.php(292): mysqli->query('INSERT INTO `an...', 0)
#1 C:\xampp\htdocs\selvers\system\Database\BaseConnection.php(670): CodeIgniter\Database\MySQLi\Connection->execute('INSERT INTO `an...')
#2 C:\xampp\htdocs\selvers\system\Database\BaseConnection.php(598): CodeIgniter\Database\BaseConnection->simpleQuery('INSERT INTO `an...')
#3 C:\xampp\htdocs\selvers\system\Database\BaseBuilder.php(1759): CodeIgniter\Database\BaseConnection->query('INSERT INTO `an...', Array, false)
#4 C:\xampp\htdocs\selvers\system\Model.php(239): CodeIgniter\Database\BaseBuilder->insert()
#5 C:\xampp\htdocs\selvers\system\BaseModel.php(738): CodeIgniter\Model->doInsert(Array)
#6 C:\xampp\htdocs\selvers\system\Model.php(620): CodeIgniter\BaseModel->insert(Array, true)
#7 C:\xampp\htdocs\selvers\app\Controllers\Dashboard.php(48): CodeIgniter\Model->insert(Array)
#8 C:\xampp\htdocs\selvers\system\CodeIgniter.php(824): App\Controllers\Dashboard->tambahPesanan()
#9 C:\xampp\htdocs\selvers\system\CodeIgniter.php(410): CodeIgniter\CodeIgniter->runController(Object(App\Controllers\Dashboard))
#10 C:\xampp\htdocs\selvers\system\CodeIgniter.php(318): CodeIgniter\CodeIgniter->handleRequest(NULL, Object(Config\Cache), false)
#11 C:\xampp\htdocs\selvers\index.php(37): CodeIgniter\CodeIgniter->run()
#12 {main}
ERROR - 2023-06-25 09:12:02 --> Column 'nama' cannot be null
CRITICAL - 2023-06-25 09:12:02 --> Column 'nama' cannot be null
#0 C:\xampp\htdocs\selvers\system\Database\MySQLi\Connection.php(292): mysqli->query('INSERT INTO `an...', 0)
#1 C:\xampp\htdocs\selvers\system\Database\BaseConnection.php(670): CodeIgniter\Database\MySQLi\Connection->execute('INSERT INTO `an...')
#2 C:\xampp\htdocs\selvers\system\Database\BaseConnection.php(598): CodeIgniter\Database\BaseConnection->simpleQuery('INSERT INTO `an...')
#3 C:\xampp\htdocs\selvers\system\Database\BaseBuilder.php(1759): CodeIgniter\Database\BaseConnection->query('INSERT INTO `an...', Array, false)
#4 C:\xampp\htdocs\selvers\system\Model.php(239): CodeIgniter\Database\BaseBuilder->insert()
#5 C:\xampp\htdocs\selvers\system\BaseModel.php(738): CodeIgniter\Model->doInsert(Array)
#6 C:\xampp\htdocs\selvers\system\Model.php(620): CodeIgniter\BaseModel->insert(Array, true)
#7 C:\xampp\htdocs\selvers\app\Controllers\Dashboard.php(48): CodeIgniter\Model->insert(Array)
#8 C:\xampp\htdocs\selvers\system\CodeIgniter.php(824): App\Controllers\Dashboard->tambahPesanan()
#9 C:\xampp\htdocs\selvers\system\CodeIgniter.php(410): CodeIgniter\CodeIgniter->runController(Object(App\Controllers\Dashboard))
#10 C:\xampp\htdocs\selvers\system\CodeIgniter.php(318): CodeIgniter\CodeIgniter->handleRequest(NULL, Object(Config\Cache), false)
#11 C:\xampp\htdocs\selvers\index.php(37): CodeIgniter\CodeIgniter->run()
#12 {main}
