CRITICAL - 2025-01-22 06:05:41 --> Could not move file php362F.tmp to ./public/images/menu/ ()
#0 C:\xampp\htdocs\majujayauas\system\HTTP\Files\UploadedFile.php(149): CodeIgniter\HTTP\Exceptions\HTTPException::forMoveFailed('php362F.tmp', './public/images...', '')
#1 C:\xampp\htdocs\majujayauas\app\Controllers\Menu.php(90): CodeIgniter\HTTP\Files\UploadedFile->move('./public/images...', 'miyakoch-501pf/...', true)
#2 C:\xampp\htdocs\majujayauas\system\CodeIgniter.php(824): App\Controllers\Menu->upload()
#3 C:\xampp\htdocs\majujayauas\system\CodeIgniter.php(410): CodeIgniter\CodeIgniter->runController(Object(App\Controllers\Menu))
#4 C:\xampp\htdocs\majujayauas\system\CodeIgniter.php(318): CodeIgniter\CodeIgniter->handleRequest(NULL, Object(Config\Cache), false)
#5 C:\xampp\htdocs\majujayauas\index.php(37): CodeIgniter\CodeIgniter->run()
#6 {main}
CRITICAL - 2025-01-22 06:05:43 --> Could not move file php3D25.tmp to ./public/images/menu/ ()
#0 C:\xampp\htdocs\majujayauas\system\HTTP\Files\UploadedFile.php(149): CodeIgniter\HTTP\Exceptions\HTTPException::forMoveFailed('php3D25.tmp', './public/images...', '')
#1 C:\xampp\htdocs\majujayauas\app\Controllers\Menu.php(90): CodeIgniter\HTTP\Files\UploadedFile->move('./public/images...', 'miyakoch-501pf/...', true)
#2 C:\xampp\htdocs\majujayauas\system\CodeIgniter.php(824): App\Controllers\Menu->upload()
#3 C:\xampp\htdocs\majujayauas\system\CodeIgniter.php(410): CodeIgniter\CodeIgniter->runController(Object(App\Controllers\Menu))
#4 C:\xampp\htdocs\majujayauas\system\CodeIgniter.php(318): CodeIgniter\CodeIgniter->handleRequest(NULL, Object(Config\Cache), false)
#5 C:\xampp\htdocs\majujayauas\index.php(37): CodeIgniter\CodeIgniter->run()
#6 {main}
CRITICAL - 2025-01-22 06:05:44 --> Could not move file php4246.tmp to ./public/images/menu/ ()
#0 C:\xampp\htdocs\majujayauas\system\HTTP\Files\UploadedFile.php(149): CodeIgniter\HTTP\Exceptions\HTTPException::forMoveFailed('php4246.tmp', './public/images...', '')
#1 C:\xampp\htdocs\majujayauas\app\Controllers\Menu.php(90): CodeIgniter\HTTP\Files\UploadedFile->move('./public/images...', 'miyakoch-501pf/...', true)
#2 C:\xampp\htdocs\majujayauas\system\CodeIgniter.php(824): App\Controllers\Menu->upload()
#3 C:\xampp\htdocs\majujayauas\system\CodeIgniter.php(410): CodeIgniter\CodeIgniter->runController(Object(App\Controllers\Menu))
#4 C:\xampp\htdocs\majujayauas\system\CodeIgniter.php(318): CodeIgniter\CodeIgniter->handleRequest(NULL, Object(Config\Cache), false)
#5 C:\xampp\htdocs\majujayauas\index.php(37): CodeIgniter\CodeIgniter->run()
#6 {main}
CRITICAL - 2025-01-22 06:05:45 --> Could not move file php4506.tmp to ./public/images/menu/ ()
#0 C:\xampp\htdocs\majujayauas\system\HTTP\Files\UploadedFile.php(149): CodeIgniter\HTTP\Exceptions\HTTPException::forMoveFailed('php4506.tmp', './public/images...', '')
#1 C:\xampp\htdocs\majujayauas\app\Controllers\Menu.php(90): CodeIgniter\HTTP\Files\UploadedFile->move('./public/images...', 'miyakoch-501pf/...', true)
#2 C:\xampp\htdocs\majujayauas\system\CodeIgniter.php(824): App\Controllers\Menu->upload()
#3 C:\xampp\htdocs\majujayauas\system\CodeIgniter.php(410): CodeIgniter\CodeIgniter->runController(Object(App\Controllers\Menu))
#4 C:\xampp\htdocs\majujayauas\system\CodeIgniter.php(318): CodeIgniter\CodeIgniter->handleRequest(NULL, Object(Config\Cache), false)
#5 C:\xampp\htdocs\majujayauas\index.php(37): CodeIgniter\CodeIgniter->run()
#6 {main}
